Cataleya 292899709
Zain 292133414
Leslie 290591532
Ryker 289688646
Zip 289338251
Zip 288044171
Reyna 286571305
Sienna 286338715
ProfTan 282120586
SJShark 282096058
Mark 281499796
Shark 281185533
RartheCat 281156748
Zip 280870928
Jessa 280605583
Mercy 280142208
Martha 279566597
Kadence 279551719
Alena 279087207
MrPanda 278186755
ProTan 278055366
Carlos 277727995
ProTan 277318210
Shaun 277122027
Proton 277119478
Wynter 276938914
MrPanda 276711295
Aylin 274565706
RartheCat 273611517
Julio 273349031
RartheCat 272463918
Rylie 271434876
Alia 270235735
Lillianna 269810479
Lyric 269576982
Tiffany 268799360
MrPanda 267336525
Ford 267310850
SJShark 266645087
Joyce 266548534
Panda 266294495
Charli 265688371
Alena 265580147
Winter 265292629
Allan 265010880
Arielle 264828221
Walker 263796313
Emmanuel 263202696
ProfTan 262577207
Dalary 262556008
Zip 262443231
RartheCat 261236172
Wyatt 260754285
August 259209795
Barrett 258369617
Emmy 257812910
Nina 257152335
Lizbeth 256147721
Nehemiah 256018784
RartheCat 255126921
Khaleesi 254898974
Augustus 254301387
Evangeline 252891810
Jennifer 252851679
ProTan 252514066
Kaya 251668402
Kellen 251491873
Tegan 251384661
Royal 251133626
Nadia 250822601
Jayde 250703780
Thea 250114823
Camille 248925577
Madalyn 248847089
Alison 248803067
Elisa 248557112
Erika 248298060
Alessandra 247717544
Rar 247112165
MrPanda 246660843
Paloma 246377007
MrPanda 242849491
Arabella 242806044
Avalyn 240478380
Fernanda 240340211
Aubrie 239564621
Ariyah 237644246
Elliott 237399552
Isla 234481537
Malachi 231293799
Bryan 229273797
Rhett 228346969
Shark 228115406
Guadalupe 226519830
Elisa 223670322
Marvin 212268022
Angela 210367359
Maison 201399101
ProTan 200744845
SJShark 188976274
