SJShark 268
RartheCat 267
Jameson 258
Albert 257
Leonardo 257
Craig 251
Rar 251
Andre 245
Zip 243
Dulce 237
RartheCat 235
Raven 234
Panda 231
Lucia 230
ProTan 230
ProTan 227
Panda 224
Johan 223
ProTan 219
Declan 218
ProTan 217
Braelynn 216
Zip 215
Kyleigh 210
ProfTan 208
Asher 205
Abby 202
Panda 202
Proton 202
Brixton 198
Parker 197
Ronnie 196
Alonso 195
Anastasia 194
Xzavier 193
Aliya 191
Alaya 190
Bristol 188
RartheCat 187
Rar 185
Octavia 184
Randy 183
Sienna 183
SJShark 182
Abdullah 181
Amir 180
Skylar 179
Keagan 177
Panda 176
Austin 174
MrPanda 174
ProTan 171
SJShark 170
Gabriel 169
Koda 169
Rar 169
Zelda 167
Zendaya 166
Nicole 162
Panda 162
ProTan 162
Shark 156
Jameson 154
Miley 154
MrPanda 149
Troy 148
Holden 147
RartheCat 147
Proton 145
RartheCat 144
Jace 143
Leila 143
Javon 142
Daxton 139
Madelynn 137
Rar 136
Shark 136
Ellis 135
Proton 135
Eli 133
Nia 133
ProfTan 130
Sabrina 130
Shark 125
Marc 120
Alaina 117
Rar 117
Alden 116
Zion 114
Finn 108
Calvin 104
Malaysia 104
Luke 98
Eugene 90
ProfTan 90
MrPanda 89
Valerie 89
Arely 88
Evie 44
Ford 40
