450912637
449142549
547124223
392605033
255253221
306366041
855222844
957583849
255253221
545259992
21531036
988037081
729070097
133207052
16718413
392605033
529637798
688665794
171348379
534124846
139275626
105054753
922439129
264340033
133207052
306366041
21531036
502814544
649896280
142287324
534124846
973786112
502814544
235640649
450912637
196751398
973786112
16718413
84934682
957583849
21531036
42540932
84934682
42540932
729070097
922439129
149807438
649896280
235055821
855222844
 16718413 21531036 37007538 42540932 47075300 55981299 84934682 105054753 133207052 139275626 142287324 143447003 149807438 171348379 196751398 198072250 235055821 235640649 255253221 264340033 279747313 306366041 332910909 392605033 404019024 449142549 450912637 468605832 488162645 492329445 502814544 505947032 529637798 534124846 545259992 547124223 595474868 646974971 649896280 688665794 720727508 729070097 752280573 855222844 922439129 954660028 957583849 973786112 979445066 988037081
