Jessie 39
Leonel 90
Hana 64
Micheal 32
Scarlett 2
RartheCat 1
Nicolas 19
MrPanda 63
RartheCat 64
Jaxx 100
Dax 56
Hailee 68
ProTan 3
Alexa 46
Sean 48
MrPanda 81
Hayden 38
Rar 62
Panda 84
Panda 20
Karter 20
RartheCat 46
Panda 28
Lennox 14
Avianna 88
RartheCat 59
Shark 6
Panda 50
ProfTan 41
MrPanda 50
Alexander 45
RartheCat 70
Lainey 60
MrPanda 48
MrPanda 57
Genesis 75
Alison 61
Kairi 39
SJShark 79
MrPanda 44
Demi 83
RartheCat 75
Malachi 86
Macy 98
Zip 54
Panda 64
Elora 25
Kinley 30
Shark 8
Tori 98
Zip 81
Felix 95
Davion 93
Rayna 73
Mallory 69
Rosie 73
RartheCat 7
Proton 26
Bruno 97
Braden 67
Proton 30
Jordy 18
ProfTan 32
Jad 50
ProfTan 11
Josiah 14
ProfTan 36
MrPanda 36
Messiah 23
Natalie 50
Nelson 20
Lacey 5
Mariah 32
Damien 75
Rar 10
Isabella 90
ProfTan 72
Crew 28
Quincy 75
Gunner 41
Melody 71
Kimberly 86
ProfTan 93
Rar 11
ProTan 9
Aspen 95
RartheCat 89
Deborah 57
Ruben 16
Phoenix 80
ProfTan 23
Paityn 92
Bryce 85
Demi 3
Panda 32
Conner 16
Charleigh 13
Jessie 43
Perla 27
Tate 54
