Kinsley 73
Beckett 91
Mayson 74
Livia 85
Penny 80
Kendall 88
Leonidas 56
Sylas 15
Julianna 59
Huxley 29
ProTan 65
RartheCat 47
Jada 95
Donovan 10
RartheCat 94
Proton 4
Heath 21
Evie 81
Jaelynn 24
Panda 28
Beckett 11
Lisa 25
Arabella 97
Kalani 79
Panda 68
Greyson 6
Panda 22
Remi 42
Mikaela 83
Jayden 46
Miley 61
Zip 82
Khloe 2
Sylas 63
Arturo 96
Keagan 9
Tori 53
Alma 76
Veronica 71
Adriana 51
SJShark 20
Zip 48
ProTan 39
Shark 5
SJShark 52
ProfTan 54
Alonso 16
MrPanda 43
Rylee 90
Trenton 55
Maxine 93
Messiah 3
ProfTan 23
Panda 100
Shark 19
SJShark 58
Harleigh 17
Sky 69
Frankie 89
Emery 77
Cecelia 7
Jaliyah 12
Eliseo 8
Malani 31
Stevie 75
Kara 27
Panda 26
MrPanda 64
Draven 86
MrPanda 84
Maxine 34
ProfTan 18
Hailee 66
Ernest 33
Shark 50
Nala 36
Annabella 13
Rar 35
Shiloh 70
Chelsea 67
Skyla 57
ProTan 78
Julian 40
Hugo 99
SJShark 92
Laurel 41
Kaydence 14
Kaitlyn 62
Elsie 38
Rodney 37
Erick 72
Camila 98
RartheCat 60
Ares 30
Corey 1
RartheCat 32
Clara 44
Rocco 45
SJShark 49
Rosalyn 87
