ahkrs
ahksr
ahrks
ahrsk
ahskr
ahsrk
akhrs
akhsr
akrhs
akrsh
akshr
aksrh
arhks
arhsk
arkhs
arksh
arshk
arskh
ashkr
ashrk
askhr
askrh
asrhk
asrkh
hakrs
haksr
harks
harsk
haskr
hasrk
hkars
hkasr
hkras
hkrsa
hksar
hksra
hraks
hrask
hrkas
hrksa
hrsak
hrska
hsakr
hsark
hskar
hskra
hsrak
hsrka
kahrs
kahsr
karhs
karsh
kashr
kasrh
khars
khasr
khras
khrsa
khsar
khsra
krahs
krash
krhas
krhsa
krsah
krsha
ksahr
ksarh
kshar
kshra
ksrah
ksrha
rahks
rahsk
rakhs
raksh
rashk
raskh
rhaks
rhask
rhkas
rhksa
rhsak
rhska
rkahs
rkash
rkhas
rkhsa
rksah
rksha
rsahk
rsakh
rshak
rshka
rskah
rskha
sahkr
sahrk
sakhr
sakrh
sarhk
sarkh
shakr
shark
shkar
shkra
shrak
shrka
skahr
skarh
skhar
skhra
skrah
skrha
srahk
srakh
srhak
srhka
srkah
srkha
a
ak
ar
ark
h
ha
hak
har
hark
hk
hr
hrk
k
r
rk
s
sa
sak
sar
sark
sh
sha
shak
shar
shark
shk
shr
shrk
sk
sr
srk
