anoprt
anoptr
anorpt
anortp
anotpr
anotrp
anport
anpotr
anprot
anprto
anptor
anptro
anropt
anrotp
anrpot
anrpto
anrtop
anrtpo
antopr
antorp
antpor
antpro
antrop
antrpo
aonprt
aonptr
aonrpt
aonrtp
aontpr
aontrp
aopnrt
aopntr
aoprnt
aoprtn
aoptnr
aoptrn
aornpt
aorntp
aorpnt
aorptn
aortnp
aortpn
aotnpr
aotnrp
aotpnr
aotprn
aotrnp
aotrpn
apnort
apnotr
apnrot
apnrto
apntor
apntro
aponrt
apontr
apornt
aportn
apotnr
apotrn
aprnot
aprnto
apront
aprotn
aprtno
aprton
aptnor
aptnro
aptonr
aptorn
aptrno
aptron
arnopt
arnotp
arnpot
arnpto
arntop
arntpo
aronpt
arontp
aropnt
aroptn
arotnp
arotpn
arpnot
arpnto
arpont
arpotn
arptno
arpton
artnop
artnpo
artonp
artopn
artpno
artpon
atnopr
atnorp
atnpor
atnpro
atnrop
atnrpo
atonpr
atonrp
atopnr
atoprn
atornp
atorpn
atpnor
atpnro
atponr
atporn
atprno
atpron
atrnop
atrnpo
atronp
atropn
atrpno
atrpon
naoprt
naoptr
naorpt
naortp
naotpr
naotrp
naport
napotr
naprot
naprto
naptor
naptro
naropt
narotp
narpot
narpto
nartop
nartpo
natopr
natorp
natpor
natpro
natrop
natrpo
noaprt
noaptr
noarpt
noartp
noatpr
noatrp
nopart
nopatr
noprat
noprta
noptar
noptra
norapt
noratp
norpat
norpta
nortap
nortpa
notapr
notarp
notpar
notpra
notrap
notrpa
npaort
npaotr
nparot
nparto
npator
npatro
npoart
npoatr
nporat
nporta
npotar
npotra
npraot
nprato
nproat
nprota
nprtao
nprtoa
nptaor
nptaro
nptoar
nptora
nptrao
nptroa
nraopt
nraotp
nrapot
nrapto
nratop
nratpo
nroapt
nroatp
nropat
nropta
nrotap
nrotpa
nrpaot
nrpato
nrpoat
nrpota
nrptao
nrptoa
nrtaop
nrtapo
nrtoap
nrtopa
nrtpao
nrtpoa
ntaopr
ntaorp
ntapor
ntapro
ntarop
ntarpo
ntoapr
ntoarp
ntopar
ntopra
ntorap
ntorpa
ntpaor
ntparo
ntpoar
ntpora
ntprao
ntproa
ntraop
ntrapo
ntroap
ntropa
ntrpao
ntrpoa
oanprt
oanptr
oanrpt
oanrtp
oantpr
oantrp
oapnrt
oapntr
oaprnt
oaprtn
oaptnr
oaptrn
oarnpt
oarntp
oarpnt
oarptn
oartnp
oartpn
oatnpr
oatnrp
oatpnr
oatprn
oatrnp
oatrpn
onaprt
onaptr
onarpt
onartp
onatpr
onatrp
onpart
onpatr
onprat
onprta
onptar
onptra
onrapt
onratp
onrpat
onrpta
onrtap
onrtpa
ontapr
ontarp
ontpar
ontpra
ontrap
ontrpa
opanrt
opantr
oparnt
opartn
opatnr
opatrn
opnart
opnatr
opnrat
opnrta
opntar
opntra
oprant
opratn
oprnat
oprnta
oprtan
oprtna
optanr
optarn
optnar
optnra
optran
optrna
oranpt
orantp
orapnt
oraptn
oratnp
oratpn
ornapt
ornatp
ornpat
ornpta
orntap
orntpa
orpant
orpatn
orpnat
orpnta
orptan
orptna
ortanp
ortapn
ortnap
ortnpa
ortpan
ortpna
otanpr
otanrp
otapnr
otaprn
otarnp
otarpn
otnapr
otnarp
otnpar
otnpra
otnrap
otnrpa
otpanr
otparn
otpnar
otpnra
otpran
otprna
otranp
otrapn
otrnap
otrnpa
otrpan
otrpna
panort
panotr
panrot
panrto
pantor
pantro
paonrt
paontr
paornt
paortn
paotnr
paotrn
parnot
parnto
paront
parotn
partno
parton
patnor
patnro
patonr
patorn
patrno
patron
pnaort
pnaotr
pnarot
pnarto
pnator
pnatro
pnoart
pnoatr
pnorat
pnorta
pnotar
pnotra
pnraot
pnrato
pnroat
pnrota
pnrtao
pnrtoa
pntaor
pntaro
pntoar
pntora
pntrao
pntroa
poanrt
poantr
poarnt
poartn
poatnr
poatrn
ponart
ponatr
ponrat
ponrta
pontar
pontra
porant
poratn
pornat
pornta
portan
portna
potanr
potarn
potnar
potnra
potran
potrna
pranot
pranto
praont
praotn
pratno
praton
prnaot
prnato
prnoat
prnota
prntao
prntoa
proant
proatn
pronat
pronta
protan
protna
prtano
prtaon
prtnao
prtnoa
prtoan
prtona
ptanor
ptanro
ptaonr
ptaorn
ptarno
ptaron
ptnaor
ptnaro
ptnoar
ptnora
ptnrao
ptnroa
ptoanr
ptoarn
ptonar
ptonra
ptoran
ptorna
ptrano
ptraon
ptrnao
ptrnoa
ptroan
ptrona
ranopt
ranotp
ranpot
ranpto
rantop
rantpo
raonpt
raontp
raopnt
raoptn
raotnp
raotpn
rapnot
rapnto
rapont
rapotn
raptno
rapton
ratnop
ratnpo
ratonp
ratopn
ratpno
ratpon
rnaopt
rnaotp
rnapot
rnapto
rnatop
rnatpo
rnoapt
rnoatp
rnopat
rnopta
rnotap
rnotpa
rnpaot
rnpato
rnpoat
rnpota
rnptao
rnptoa
rntaop
rntapo
rntoap
rntopa
rntpao
rntpoa
roanpt
roantp
roapnt
roaptn
roatnp
roatpn
ronapt
ronatp
ronpat
ronpta
rontap
rontpa
ropant
ropatn
ropnat
ropnta
roptan
roptna
rotanp
rotapn
rotnap
rotnpa
rotpan
rotpna
rpanot
rpanto
rpaont
rpaotn
rpatno
rpaton
rpnaot
rpnato
rpnoat
rpnota
rpntao
rpntoa
rpoant
rpoatn
rponat
rponta
rpotan
rpotna
rptano
rptaon
rptnao
rptnoa
rptoan
rptona
rtanop
rtanpo
rtaonp
rtaopn
rtapno
rtapon
rtnaop
rtnapo
rtnoap
rtnopa
rtnpao
rtnpoa
rtoanp
rtoapn
rtonap
rtonpa
rtopan
rtopna
rtpano
rtpaon
rtpnao
rtpnoa
rtpoan
rtpona
tanopr
tanorp
tanpor
tanpro
tanrop
tanrpo
taonpr
taonrp
taopnr
taoprn
taornp
taorpn
tapnor
tapnro
taponr
taporn
taprno
tapron
tarnop
tarnpo
taronp
taropn
tarpno
tarpon
tnaopr
tnaorp
tnapor
tnapro
tnarop
tnarpo
tnoapr
tnoarp
tnopar
tnopra
tnorap
tnorpa
tnpaor
tnparo
tnpoar
tnpora
tnprao
tnproa
tnraop
tnrapo
tnroap
tnropa
tnrpao
tnrpoa
toanpr
toanrp
toapnr
toaprn
toarnp
toarpn
tonapr
tonarp
tonpar
tonpra
tonrap
tonrpa
topanr
toparn
topnar
topnra
topran
toprna
toranp
torapn
tornap
tornpa
torpan
torpna
tpanor
tpanro
tpaonr
tpaorn
tparno
tparon
tpnaor
tpnaro
tpnoar
tpnora
tpnrao
tpnroa
tpoanr
tpoarn
tponar
tponra
tporan
tporna
tprano
tpraon
tprnao
tprnoa
tproan
tprona
tranop
tranpo
traonp
traopn
trapno
trapon
trnaop
trnapo
trnoap
trnopa
trnpao
trnpoa
troanp
troapn
tronap
tronpa
tropan
tropna
trpano
trpaon
trpnao
trpnoa
trpoan
trpona
a
an
n
o
oa
oan
on
ot
ota
otan
otn
p
pa
pan
pn
po
poa
poan
pon
pot
pota
potan
potn
pr
pra
pran
prn
pro
proa
proan
pron
prot
prota
protan
protn
prt
prta
prtan
prtn
pt
pta
ptan
ptn
r
ra
ran
rn
ro
roa
roan
ron
rot
rota
rotan
rotn
rt
rta
rtan
rtn
t
ta
tan
tn
