afnoprt
afnoptr
afnorpt
afnortp
afnotpr
afnotrp
afnport
afnpotr
afnprot
afnprto
afnptor
afnptro
afnropt
afnrotp
afnrpot
afnrpto
afnrtop
afnrtpo
afntopr
afntorp
afntpor
afntpro
afntrop
afntrpo
afonprt
afonptr
afonrpt
afonrtp
afontpr
afontrp
afopnrt
afopntr
afoprnt
afoprtn
afoptnr
afoptrn
afornpt
aforntp
aforpnt
aforptn
afortnp
afortpn
afotnpr
afotnrp
afotpnr
afotprn
afotrnp
afotrpn
afpnort
afpnotr
afpnrot
afpnrto
afpntor
afpntro
afponrt
afpontr
afpornt
afportn
afpotnr
afpotrn
afprnot
afprnto
afpront
afprotn
afprtno
afprton
afptnor
afptnro
afptonr
afptorn
afptrno
afptron
afrnopt
afrnotp
afrnpot
afrnpto
afrntop
afrntpo
afronpt
afrontp
afropnt
afroptn
afrotnp
afrotpn
afrpnot
afrpnto
afrpont
afrpotn
afrptno
afrpton
afrtnop
afrtnpo
afrtonp
afrtopn
afrtpno
afrtpon
aftnopr
aftnorp
aftnpor
aftnpro
aftnrop
aftnrpo
aftonpr
aftonrp
aftopnr
aftoprn
aftornp
aftorpn
aftpnor
aftpnro
aftponr
aftporn
aftprno
aftpron
aftrnop
aftrnpo
aftronp
aftropn
aftrpno
aftrpon
anfoprt
anfoptr
anforpt
anfortp
anfotpr
anfotrp
anfport
anfpotr
anfprot
anfprto
anfptor
anfptro
anfropt
anfrotp
anfrpot
anfrpto
anfrtop
anfrtpo
anftopr
anftorp
anftpor
anftpro
anftrop
anftrpo
anofprt
anofptr
anofrpt
anofrtp
anoftpr
anoftrp
anopfrt
anopftr
anoprft
anoprtf
anoptfr
anoptrf
anorfpt
anorftp
anorpft
anorptf
anortfp
anortpf
anotfpr
anotfrp
anotpfr
anotprf
anotrfp
anotrpf
anpfort
anpfotr
anpfrot
anpfrto
anpftor
anpftro
anpofrt
anpoftr
anporft
anportf
anpotfr
anpotrf
anprfot
anprfto
anproft
anprotf
anprtfo
anprtof
anptfor
anptfro
anptofr
anptorf
anptrfo
anptrof
anrfopt
anrfotp
anrfpot
anrfpto
anrftop
anrftpo
anrofpt
anroftp
anropft
anroptf
anrotfp
anrotpf
anrpfot
anrpfto
anrpoft
anrpotf
anrptfo
anrptof
anrtfop
anrtfpo
anrtofp
anrtopf
anrtpfo
anrtpof
antfopr
antforp
antfpor
antfpro
antfrop
antfrpo
antofpr
antofrp
antopfr
antoprf
antorfp
antorpf
antpfor
antpfro
antpofr
antporf
antprfo
antprof
antrfop
antrfpo
antrofp
antropf
antrpfo
antrpof
aofnprt
aofnptr
aofnrpt
aofnrtp
aofntpr
aofntrp
aofpnrt
aofpntr
aofprnt
aofprtn
aofptnr
aofptrn
aofrnpt
aofrntp
aofrpnt
aofrptn
aofrtnp
aofrtpn
aoftnpr
aoftnrp
aoftpnr
aoftprn
aoftrnp
aoftrpn
aonfprt
aonfptr
aonfrpt
aonfrtp
aonftpr
aonftrp
aonpfrt
aonpftr
aonprft
aonprtf
aonptfr
aonptrf
aonrfpt
aonrftp
aonrpft
aonrptf
aonrtfp
aonrtpf
aontfpr
aontfrp
aontpfr
aontprf
aontrfp
aontrpf
aopfnrt
aopfntr
aopfrnt
aopfrtn
aopftnr
aopftrn
aopnfrt
aopnftr
aopnrft
aopnrtf
aopntfr
aopntrf
aoprfnt
aoprftn
aoprnft
aoprntf
aoprtfn
aoprtnf
aoptfnr
aoptfrn
aoptnfr
aoptnrf
aoptrfn
aoptrnf
aorfnpt
aorfntp
aorfpnt
aorfptn
aorftnp
aorftpn
aornfpt
aornftp
aornpft
aornptf
aorntfp
aorntpf
aorpfnt
aorpftn
aorpnft
aorpntf
aorptfn
aorptnf
aortfnp
aortfpn
aortnfp
aortnpf
aortpfn
aortpnf
aotfnpr
aotfnrp
aotfpnr
aotfprn
aotfrnp
aotfrpn
aotnfpr
aotnfrp
aotnpfr
aotnprf
aotnrfp
aotnrpf
aotpfnr
aotpfrn
aotpnfr
aotpnrf
aotprfn
aotprnf
aotrfnp
aotrfpn
aotrnfp
aotrnpf
aotrpfn
aotrpnf
apfnort
apfnotr
apfnrot
apfnrto
apfntor
apfntro
apfonrt
apfontr
apfornt
apfortn
apfotnr
apfotrn
apfrnot
apfrnto
apfront
apfrotn
apfrtno
apfrton
apftnor
apftnro
apftonr
apftorn
apftrno
apftron
apnfort
apnfotr
apnfrot
apnfrto
apnftor
apnftro
apnofrt
apnoftr
apnorft
apnortf
apnotfr
apnotrf
apnrfot
apnrfto
apnroft
apnrotf
apnrtfo
apnrtof
apntfor
apntfro
apntofr
apntorf
apntrfo
apntrof
apofnrt
apofntr
apofrnt
apofrtn
apoftnr
apoftrn
aponfrt
aponftr
aponrft
aponrtf
apontfr
apontrf
aporfnt
aporftn
apornft
aporntf
aportfn
aportnf
apotfnr
apotfrn
apotnfr
apotnrf
apotrfn
apotrnf
aprfnot
aprfnto
aprfont
aprfotn
aprftno
aprfton
aprnfot
aprnfto
aprnoft
aprnotf
aprntfo
aprntof
aprofnt
aproftn
apronft
aprontf
aprotfn
aprotnf
aprtfno
aprtfon
aprtnfo
aprtnof
aprtofn
aprtonf
aptfnor
aptfnro
aptfonr
aptforn
aptfrno
aptfron
aptnfor
aptnfro
aptnofr
aptnorf
aptnrfo
aptnrof
aptofnr
aptofrn
aptonfr
aptonrf
aptorfn
aptornf
aptrfno
aptrfon
aptrnfo
aptrnof
aptrofn
aptronf
arfnopt
arfnotp
arfnpot
arfnpto
arfntop
arfntpo
arfonpt
arfontp
arfopnt
arfoptn
arfotnp
arfotpn
arfpnot
arfpnto
arfpont
arfpotn
arfptno
arfpton
arftnop
arftnpo
arftonp
arftopn
arftpno
arftpon
arnfopt
arnfotp
arnfpot
arnfpto
arnftop
arnftpo
arnofpt
arnoftp
arnopft
arnoptf
arnotfp
arnotpf
arnpfot
arnpfto
arnpoft
arnpotf
arnptfo
arnptof
arntfop
arntfpo
arntofp
arntopf
arntpfo
arntpof
arofnpt
arofntp
arofpnt
arofptn
aroftnp
aroftpn
aronfpt
aronftp
aronpft
aronptf
arontfp
arontpf
aropfnt
aropftn
aropnft
aropntf
aroptfn
aroptnf
arotfnp
arotfpn
arotnfp
arotnpf
arotpfn
arotpnf
arpfnot
arpfnto
arpfont
arpfotn
arpftno
arpfton
arpnfot
arpnfto
arpnoft
arpnotf
arpntfo
arpntof
arpofnt
arpoftn
arponft
arpontf
arpotfn
arpotnf
arptfno
arptfon
arptnfo
arptnof
arptofn
arptonf
artfnop
artfnpo
artfonp
artfopn
artfpno
artfpon
artnfop
artnfpo
artnofp
artnopf
artnpfo
artnpof
artofnp
artofpn
artonfp
artonpf
artopfn
artopnf
artpfno
artpfon
artpnfo
artpnof
artpofn
artponf
atfnopr
atfnorp
atfnpor
atfnpro
atfnrop
atfnrpo
atfonpr
atfonrp
atfopnr
atfoprn
atfornp
atforpn
atfpnor
atfpnro
atfponr
atfporn
atfprno
atfpron
atfrnop
atfrnpo
atfronp
atfropn
atfrpno
atfrpon
atnfopr
atnforp
atnfpor
atnfpro
atnfrop
atnfrpo
atnofpr
atnofrp
atnopfr
atnoprf
atnorfp
atnorpf
atnpfor
atnpfro
atnpofr
atnporf
atnprfo
atnprof
atnrfop
atnrfpo
atnrofp
atnropf
atnrpfo
atnrpof
atofnpr
atofnrp
atofpnr
atofprn
atofrnp
atofrpn
atonfpr
atonfrp
atonpfr
atonprf
atonrfp
atonrpf
atopfnr
atopfrn
atopnfr
atopnrf
atoprfn
atoprnf
atorfnp
atorfpn
atornfp
atornpf
atorpfn
atorpnf
atpfnor
atpfnro
atpfonr
atpforn
atpfrno
atpfron
atpnfor
atpnfro
atpnofr
atpnorf
atpnrfo
atpnrof
atpofnr
atpofrn
atponfr
atponrf
atporfn
atpornf
atprfno
atprfon
atprnfo
atprnof
atprofn
atpronf
atrfnop
atrfnpo
atrfonp
atrfopn
atrfpno
atrfpon
atrnfop
atrnfpo
atrnofp
atrnopf
atrnpfo
atrnpof
atrofnp
atrofpn
atronfp
atronpf
atropfn
atropnf
atrpfno
atrpfon
atrpnfo
atrpnof
atrpofn
atrponf
fanoprt
fanoptr
fanorpt
fanortp
fanotpr
fanotrp
fanport
fanpotr
fanprot
fanprto
fanptor
fanptro
fanropt
fanrotp
fanrpot
fanrpto
fanrtop
fanrtpo
fantopr
fantorp
fantpor
fantpro
fantrop
fantrpo
faonprt
faonptr
faonrpt
faonrtp
faontpr
faontrp
faopnrt
faopntr
faoprnt
faoprtn
faoptnr
faoptrn
faornpt
faorntp
faorpnt
faorptn
faortnp
faortpn
faotnpr
faotnrp
faotpnr
faotprn
faotrnp
faotrpn
fapnort
fapnotr
fapnrot
fapnrto
fapntor
fapntro
faponrt
fapontr
fapornt
faportn
fapotnr
fapotrn
faprnot
faprnto
fapront
faprotn
faprtno
faprton
faptnor
faptnro
faptonr
faptorn
faptrno
faptron
farnopt
farnotp
farnpot
farnpto
farntop
farntpo
faronpt
farontp
faropnt
faroptn
farotnp
farotpn
farpnot
farpnto
farpont
farpotn
farptno
farpton
fartnop
fartnpo
fartonp
fartopn
fartpno
fartpon
fatnopr
fatnorp
fatnpor
fatnpro
fatnrop
fatnrpo
fatonpr
fatonrp
fatopnr
fatoprn
fatornp
fatorpn
fatpnor
fatpnro
fatponr
fatporn
fatprno
fatpron
fatrnop
fatrnpo
fatronp
fatropn
fatrpno
fatrpon
fnaoprt
fnaoptr
fnaorpt
fnaortp
fnaotpr
fnaotrp
fnaport
fnapotr
fnaprot
fnaprto
fnaptor
fnaptro
fnaropt
fnarotp
fnarpot
fnarpto
fnartop
fnartpo
fnatopr
fnatorp
fnatpor
fnatpro
fnatrop
fnatrpo
fnoaprt
fnoaptr
fnoarpt
fnoartp
fnoatpr
fnoatrp
fnopart
fnopatr
fnoprat
fnoprta
fnoptar
fnoptra
fnorapt
fnoratp
fnorpat
fnorpta
fnortap
fnortpa
fnotapr
fnotarp
fnotpar
fnotpra
fnotrap
fnotrpa
fnpaort
fnpaotr
fnparot
fnparto
fnpator
fnpatro
fnpoart
fnpoatr
fnporat
fnporta
fnpotar
fnpotra
fnpraot
fnprato
fnproat
fnprota
fnprtao
fnprtoa
fnptaor
fnptaro
fnptoar
fnptora
fnptrao
fnptroa
fnraopt
fnraotp
fnrapot
fnrapto
fnratop
fnratpo
fnroapt
fnroatp
fnropat
fnropta
fnrotap
fnrotpa
fnrpaot
fnrpato
fnrpoat
fnrpota
fnrptao
fnrptoa
fnrtaop
fnrtapo
fnrtoap
fnrtopa
fnrtpao
fnrtpoa
fntaopr
fntaorp
fntapor
fntapro
fntarop
fntarpo
fntoapr
fntoarp
fntopar
fntopra
fntorap
fntorpa
fntpaor
fntparo
fntpoar
fntpora
fntprao
fntproa
fntraop
fntrapo
fntroap
fntropa
fntrpao
fntrpoa
foanprt
foanptr
foanrpt
foanrtp
foantpr
foantrp
foapnrt
foapntr
foaprnt
foaprtn
foaptnr
foaptrn
foarnpt
foarntp
foarpnt
foarptn
foartnp
foartpn
foatnpr
foatnrp
foatpnr
foatprn
foatrnp
foatrpn
fonaprt
fonaptr
fonarpt
fonartp
fonatpr
fonatrp
fonpart
fonpatr
fonprat
fonprta
fonptar
fonptra
fonrapt
fonratp
fonrpat
fonrpta
fonrtap
fonrtpa
fontapr
fontarp
fontpar
fontpra
fontrap
fontrpa
fopanrt
fopantr
foparnt
fopartn
fopatnr
fopatrn
fopnart
fopnatr
fopnrat
fopnrta
fopntar
fopntra
foprant
fopratn
foprnat
foprnta
foprtan
foprtna
foptanr
foptarn
foptnar
foptnra
foptran
foptrna
foranpt
forantp
forapnt
foraptn
foratnp
foratpn
fornapt
fornatp
fornpat
fornpta
forntap
forntpa
forpant
forpatn
forpnat
forpnta
forptan
forptna
fortanp
fortapn
fortnap
fortnpa
fortpan
fortpna
fotanpr
fotanrp
fotapnr
fotaprn
fotarnp
fotarpn
fotnapr
fotnarp
fotnpar
fotnpra
fotnrap
fotnrpa
fotpanr
fotparn
fotpnar
fotpnra
fotpran
fotprna
fotranp
fotrapn
fotrnap
fotrnpa
fotrpan
fotrpna
fpanort
fpanotr
fpanrot
fpanrto
fpantor
fpantro
fpaonrt
fpaontr
fpaornt
fpaortn
fpaotnr
fpaotrn
fparnot
fparnto
fparont
fparotn
fpartno
fparton
fpatnor
fpatnro
fpatonr
fpatorn
fpatrno
fpatron
fpnaort
fpnaotr
fpnarot
fpnarto
fpnator
fpnatro
fpnoart
fpnoatr
fpnorat
fpnorta
fpnotar
fpnotra
fpnraot
fpnrato
fpnroat
fpnrota
fpnrtao
fpnrtoa
fpntaor
fpntaro
fpntoar
fpntora
fpntrao
fpntroa
fpoanrt
fpoantr
fpoarnt
fpoartn
fpoatnr
fpoatrn
fponart
fponatr
fponrat
fponrta
fpontar
fpontra
fporant
fporatn
fpornat
fpornta
fportan
fportna
fpotanr
fpotarn
fpotnar
fpotnra
fpotran
fpotrna
fpranot
fpranto
fpraont
fpraotn
fpratno
fpraton
fprnaot
fprnato
fprnoat
fprnota
fprntao
fprntoa
fproant
fproatn
fpronat
fpronta
fprotan
fprotna
fprtano
fprtaon
fprtnao
fprtnoa
fprtoan
fprtona
fptanor
fptanro
fptaonr
fptaorn
fptarno
fptaron
fptnaor
fptnaro
fptnoar
fptnora
fptnrao
fptnroa
fptoanr
fptoarn
fptonar
fptonra
fptoran
fptorna
fptrano
fptraon
fptrnao
fptrnoa
fptroan
fptrona
franopt
franotp
franpot
franpto
frantop
frantpo
fraonpt
fraontp
fraopnt
fraoptn
fraotnp
fraotpn
frapnot
frapnto
frapont
frapotn
fraptno
frapton
fratnop
fratnpo
fratonp
fratopn
fratpno
fratpon
frnaopt
frnaotp
frnapot
frnapto
frnatop
frnatpo
frnoapt
frnoatp
frnopat
frnopta
frnotap
frnotpa
frnpaot
frnpato
frnpoat
frnpota
frnptao
frnptoa
frntaop
frntapo
frntoap
frntopa
frntpao
frntpoa
froanpt
froantp
froapnt
froaptn
froatnp
froatpn
fronapt
fronatp
fronpat
fronpta
frontap
frontpa
fropant
fropatn
fropnat
fropnta
froptan
froptna
frotanp
frotapn
frotnap
frotnpa
frotpan
frotpna
frpanot
frpanto
frpaont
frpaotn
frpatno
frpaton
frpnaot
frpnato
frpnoat
frpnota
frpntao
frpntoa
frpoant
frpoatn
frponat
frponta
frpotan
frpotna
frptano
frptaon
frptnao
frptnoa
frptoan
frptona
frtanop
frtanpo
frtaonp
frtaopn
frtapno
frtapon
frtnaop
frtnapo
frtnoap
frtnopa
frtnpao
frtnpoa
frtoanp
frtoapn
frtonap
frtonpa
frtopan
frtopna
frtpano
frtpaon
frtpnao
frtpnoa
frtpoan
frtpona
ftanopr
ftanorp
ftanpor
ftanpro
ftanrop
ftanrpo
ftaonpr
ftaonrp
ftaopnr
ftaoprn
ftaornp
ftaorpn
ftapnor
ftapnro
ftaponr
ftaporn
ftaprno
ftapron
ftarnop
ftarnpo
ftaronp
ftaropn
ftarpno
ftarpon
ftnaopr
ftnaorp
ftnapor
ftnapro
ftnarop
ftnarpo
ftnoapr
ftnoarp
ftnopar
ftnopra
ftnorap
ftnorpa
ftnpaor
ftnparo
ftnpoar
ftnpora
ftnprao
ftnproa
ftnraop
ftnrapo
ftnroap
ftnropa
ftnrpao
ftnrpoa
ftoanpr
ftoanrp
ftoapnr
ftoaprn
ftoarnp
ftoarpn
ftonapr
ftonarp
ftonpar
ftonpra
ftonrap
ftonrpa
ftopanr
ftoparn
ftopnar
ftopnra
ftopran
ftoprna
ftoranp
ftorapn
ftornap
ftornpa
ftorpan
ftorpna
ftpanor
ftpanro
ftpaonr
ftpaorn
ftparno
ftparon
ftpnaor
ftpnaro
ftpnoar
ftpnora
ftpnrao
ftpnroa
ftpoanr
ftpoarn
ftponar
ftponra
ftporan
ftporna
ftprano
ftpraon
ftprnao
ftprnoa
ftproan
ftprona
ftranop
ftranpo
ftraonp
ftraopn
ftrapno
ftrapon
ftrnaop
ftrnapo
ftrnoap
ftrnopa
ftrnpao
ftrnpoa
ftroanp
ftroapn
ftronap
ftronpa
ftropan
ftropna
ftrpano
ftrpaon
ftrpnao
ftrpnoa
ftrpoan
ftrpona
nafoprt
nafoptr
naforpt
nafortp
nafotpr
nafotrp
nafport
nafpotr
nafprot
nafprto
nafptor
nafptro
nafropt
nafrotp
nafrpot
nafrpto
nafrtop
nafrtpo
naftopr
naftorp
naftpor
naftpro
naftrop
naftrpo
naofprt
naofptr
naofrpt
naofrtp
naoftpr
naoftrp
naopfrt
naopftr
naoprft
naoprtf
naoptfr
naoptrf
naorfpt
naorftp
naorpft
naorptf
naortfp
naortpf
naotfpr
naotfrp
naotpfr
naotprf
naotrfp
naotrpf
napfort
napfotr
napfrot
napfrto
napftor
napftro
napofrt
napoftr
naporft
naportf
napotfr
napotrf
naprfot
naprfto
naproft
naprotf
naprtfo
naprtof
naptfor
naptfro
naptofr
naptorf
naptrfo
naptrof
narfopt
narfotp
narfpot
narfpto
narftop
narftpo
narofpt
naroftp
naropft
naroptf
narotfp
narotpf
narpfot
narpfto
narpoft
narpotf
narptfo
narptof
nartfop
nartfpo
nartofp
nartopf
nartpfo
nartpof
natfopr
natforp
natfpor
natfpro
natfrop
natfrpo
natofpr
natofrp
natopfr
natoprf
natorfp
natorpf
natpfor
natpfro
natpofr
natporf
natprfo
natprof
natrfop
natrfpo
natrofp
natropf
natrpfo
natrpof
nfaoprt
nfaoptr
nfaorpt
nfaortp
nfaotpr
nfaotrp
nfaport
nfapotr
nfaprot
nfaprto
nfaptor
nfaptro
nfaropt
nfarotp
nfarpot
nfarpto
nfartop
nfartpo
nfatopr
nfatorp
nfatpor
nfatpro
nfatrop
nfatrpo
nfoaprt
nfoaptr
nfoarpt
nfoartp
nfoatpr
nfoatrp
nfopart
nfopatr
nfoprat
nfoprta
nfoptar
nfoptra
nforapt
nforatp
nforpat
nforpta
nfortap
nfortpa
nfotapr
nfotarp
nfotpar
nfotpra
nfotrap
nfotrpa
nfpaort
nfpaotr
nfparot
nfparto
nfpator
nfpatro
nfpoart
nfpoatr
nfporat
nfporta
nfpotar
nfpotra
nfpraot
nfprato
nfproat
nfprota
nfprtao
nfprtoa
nfptaor
nfptaro
nfptoar
nfptora
nfptrao
nfptroa
nfraopt
nfraotp
nfrapot
nfrapto
nfratop
nfratpo
nfroapt
nfroatp
nfropat
nfropta
nfrotap
nfrotpa
nfrpaot
nfrpato
nfrpoat
nfrpota
nfrptao
nfrptoa
nfrtaop
nfrtapo
nfrtoap
nfrtopa
nfrtpao
nfrtpoa
nftaopr
nftaorp
nftapor
nftapro
nftarop
nftarpo
nftoapr
nftoarp
nftopar
nftopra
nftorap
nftorpa
nftpaor
nftparo
nftpoar
nftpora
nftprao
nftproa
nftraop
nftrapo
nftroap
nftropa
nftrpao
nftrpoa
noafprt
noafptr
noafrpt
noafrtp
noaftpr
noaftrp
noapfrt
noapftr
noaprft
noaprtf
noaptfr
noaptrf
noarfpt
noarftp
noarpft
noarptf
noartfp
noartpf
noatfpr
noatfrp
noatpfr
noatprf
noatrfp
noatrpf
nofaprt
nofaptr
nofarpt
nofartp
nofatpr
nofatrp
nofpart
nofpatr
nofprat
nofprta
nofptar
nofptra
nofrapt
nofratp
nofrpat
nofrpta
nofrtap
nofrtpa
noftapr
noftarp
noftpar
noftpra
noftrap
noftrpa
nopafrt
nopaftr
noparft
nopartf
nopatfr
nopatrf
nopfart
nopfatr
nopfrat
nopfrta
nopftar
nopftra
nopraft
nopratf
noprfat
noprfta
noprtaf
noprtfa
noptafr
noptarf
noptfar
noptfra
noptraf
noptrfa
norafpt
noraftp
norapft
noraptf
noratfp
noratpf
norfapt
norfatp
norfpat
norfpta
norftap
norftpa
norpaft
norpatf
norpfat
norpfta
norptaf
norptfa
nortafp
nortapf
nortfap
nortfpa
nortpaf
nortpfa
notafpr
notafrp
notapfr
notaprf
notarfp
notarpf
notfapr
notfarp
notfpar
notfpra
notfrap
notfrpa
notpafr
notparf
notpfar
notpfra
notpraf
notprfa
notrafp
notrapf
notrfap
notrfpa
notrpaf
notrpfa
npafort
npafotr
npafrot
npafrto
npaftor
npaftro
npaofrt
npaoftr
npaorft
npaortf
npaotfr
npaotrf
nparfot
nparfto
nparoft
nparotf
npartfo
npartof
npatfor
npatfro
npatofr
npatorf
npatrfo
npatrof
npfaort
npfaotr
npfarot
npfarto
npfator
npfatro
npfoart
npfoatr
npforat
npforta
npfotar
npfotra
npfraot
npfrato
npfroat
npfrota
npfrtao
npfrtoa
npftaor
npftaro
npftoar
npftora
npftrao
npftroa
npoafrt
npoaftr
npoarft
npoartf
npoatfr
npoatrf
npofart
npofatr
npofrat
npofrta
npoftar
npoftra
nporaft
nporatf
nporfat
nporfta
nportaf
nportfa
npotafr
npotarf
npotfar
npotfra
npotraf
npotrfa
nprafot
nprafto
npraoft
npraotf
npratfo
npratof
nprfaot
nprfato
nprfoat
nprfota
nprftao
nprftoa
nproaft
nproatf
nprofat
nprofta
nprotaf
nprotfa
nprtafo
nprtaof
nprtfao
nprtfoa
nprtoaf
nprtofa
nptafor
nptafro
nptaofr
nptaorf
nptarfo
nptarof
nptfaor
nptfaro
nptfoar
nptfora
nptfrao
nptfroa
nptoafr
nptoarf
nptofar
nptofra
nptoraf
nptorfa
nptrafo
nptraof
nptrfao
nptrfoa
nptroaf
nptrofa
nrafopt
nrafotp
nrafpot
nrafpto
nraftop
nraftpo
nraofpt
nraoftp
nraopft
nraoptf
nraotfp
nraotpf
nrapfot
nrapfto
nrapoft
nrapotf
nraptfo
nraptof
nratfop
nratfpo
nratofp
nratopf
nratpfo
nratpof
nrfaopt
nrfaotp
nrfapot
nrfapto
nrfatop
nrfatpo
nrfoapt
nrfoatp
nrfopat
nrfopta
nrfotap
nrfotpa
nrfpaot
nrfpato
nrfpoat
nrfpota
nrfptao
nrfptoa
nrftaop
nrftapo
nrftoap
nrftopa
nrftpao
nrftpoa
nroafpt
nroaftp
nroapft
nroaptf
nroatfp
nroatpf
nrofapt
nrofatp
nrofpat
nrofpta
nroftap
nroftpa
nropaft
nropatf
nropfat
nropfta
nroptaf
nroptfa
nrotafp
nrotapf
nrotfap
nrotfpa
nrotpaf
nrotpfa
nrpafot
nrpafto
nrpaoft
nrpaotf
nrpatfo
nrpatof
nrpfaot
nrpfato
nrpfoat
nrpfota
nrpftao
nrpftoa
nrpoaft
nrpoatf
nrpofat
nrpofta
nrpotaf
nrpotfa
nrptafo
nrptaof
nrptfao
nrptfoa
nrptoaf
nrptofa
nrtafop
nrtafpo
nrtaofp
nrtaopf
nrtapfo
nrtapof
nrtfaop
nrtfapo
nrtfoap
nrtfopa
nrtfpao
nrtfpoa
nrtoafp
nrtoapf
nrtofap
nrtofpa
nrtopaf
nrtopfa
nrtpafo
nrtpaof
nrtpfao
nrtpfoa
nrtpoaf
nrtpofa
ntafopr
ntaforp
ntafpor
ntafpro
ntafrop
ntafrpo
ntaofpr
ntaofrp
ntaopfr
ntaoprf
ntaorfp
ntaorpf
ntapfor
ntapfro
ntapofr
ntaporf
ntaprfo
ntaprof
ntarfop
ntarfpo
ntarofp
ntaropf
ntarpfo
ntarpof
ntfaopr
ntfaorp
ntfapor
ntfapro
ntfarop
ntfarpo
ntfoapr
ntfoarp
ntfopar
ntfopra
ntforap
ntforpa
ntfpaor
ntfparo
ntfpoar
ntfpora
ntfprao
ntfproa
ntfraop
ntfrapo
ntfroap
ntfropa
ntfrpao
ntfrpoa
ntoafpr
ntoafrp
ntoapfr
ntoaprf
ntoarfp
ntoarpf
ntofapr
ntofarp
ntofpar
ntofpra
ntofrap
ntofrpa
ntopafr
ntoparf
ntopfar
ntopfra
ntopraf
ntoprfa
ntorafp
ntorapf
ntorfap
ntorfpa
ntorpaf
ntorpfa
ntpafor
ntpafro
ntpaofr
ntpaorf
ntparfo
ntparof
ntpfaor
ntpfaro
ntpfoar
ntpfora
ntpfrao
ntpfroa
ntpoafr
ntpoarf
ntpofar
ntpofra
ntporaf
ntporfa
ntprafo
ntpraof
ntprfao
ntprfoa
ntproaf
ntprofa
ntrafop
ntrafpo
ntraofp
ntraopf
ntrapfo
ntrapof
ntrfaop
ntrfapo
ntrfoap
ntrfopa
ntrfpao
ntrfpoa
ntroafp
ntroapf
ntrofap
ntrofpa
ntropaf
ntropfa
ntrpafo
ntrpaof
ntrpfao
ntrpfoa
ntrpoaf
ntrpofa
oafnprt
oafnptr
oafnrpt
oafnrtp
oafntpr
oafntrp
oafpnrt
oafpntr
oafprnt
oafprtn
oafptnr
oafptrn
oafrnpt
oafrntp
oafrpnt
oafrptn
oafrtnp
oafrtpn
oaftnpr
oaftnrp
oaftpnr
oaftprn
oaftrnp
oaftrpn
oanfprt
oanfptr
oanfrpt
oanfrtp
oanftpr
oanftrp
oanpfrt
oanpftr
oanprft
oanprtf
oanptfr
oanptrf
oanrfpt
oanrftp
oanrpft
oanrptf
oanrtfp
oanrtpf
oantfpr
oantfrp
oantpfr
oantprf
oantrfp
oantrpf
oapfnrt
oapfntr
oapfrnt
oapfrtn
oapftnr
oapftrn
oapnfrt
oapnftr
oapnrft
oapnrtf
oapntfr
oapntrf
oaprfnt
oaprftn
oaprnft
oaprntf
oaprtfn
oaprtnf
oaptfnr
oaptfrn
oaptnfr
oaptnrf
oaptrfn
oaptrnf
oarfnpt
oarfntp
oarfpnt
oarfptn
oarftnp
oarftpn
oarnfpt
oarnftp
oarnpft
oarnptf
oarntfp
oarntpf
oarpfnt
oarpftn
oarpnft
oarpntf
oarptfn
oarptnf
oartfnp
oartfpn
oartnfp
oartnpf
oartpfn
oartpnf
oatfnpr
oatfnrp
oatfpnr
oatfprn
oatfrnp
oatfrpn
oatnfpr
oatnfrp
oatnpfr
oatnprf
oatnrfp
oatnrpf
oatpfnr
oatpfrn
oatpnfr
oatpnrf
oatprfn
oatprnf
oatrfnp
oatrfpn
oatrnfp
oatrnpf
oatrpfn
oatrpnf
ofanprt
ofanptr
ofanrpt
ofanrtp
ofantpr
ofantrp
ofapnrt
ofapntr
ofaprnt
ofaprtn
ofaptnr
ofaptrn
ofarnpt
ofarntp
ofarpnt
ofarptn
ofartnp
ofartpn
ofatnpr
ofatnrp
ofatpnr
ofatprn
ofatrnp
ofatrpn
ofnaprt
ofnaptr
ofnarpt
ofnartp
ofnatpr
ofnatrp
ofnpart
ofnpatr
ofnprat
ofnprta
ofnptar
ofnptra
ofnrapt
ofnratp
ofnrpat
ofnrpta
ofnrtap
ofnrtpa
ofntapr
ofntarp
ofntpar
ofntpra
ofntrap
ofntrpa
ofpanrt
ofpantr
ofparnt
ofpartn
ofpatnr
ofpatrn
ofpnart
ofpnatr
ofpnrat
ofpnrta
ofpntar
ofpntra
ofprant
ofpratn
ofprnat
ofprnta
ofprtan
ofprtna
ofptanr
ofptarn
ofptnar
ofptnra
ofptran
ofptrna
ofranpt
ofrantp
ofrapnt
ofraptn
ofratnp
ofratpn
ofrnapt
ofrnatp
ofrnpat
ofrnpta
ofrntap
ofrntpa
ofrpant
ofrpatn
ofrpnat
ofrpnta
ofrptan
ofrptna
ofrtanp
ofrtapn
ofrtnap
ofrtnpa
ofrtpan
ofrtpna
oftanpr
oftanrp
oftapnr
oftaprn
oftarnp
oftarpn
oftnapr
oftnarp
oftnpar
oftnpra
oftnrap
oftnrpa
oftpanr
oftparn
oftpnar
oftpnra
oftpran
oftprna
oftranp
oftrapn
oftrnap
oftrnpa
oftrpan
oftrpna
onafprt
onafptr
onafrpt
onafrtp
onaftpr
onaftrp
onapfrt
onapftr
onaprft
onaprtf
onaptfr
onaptrf
onarfpt
onarftp
onarpft
onarptf
onartfp
onartpf
onatfpr
onatfrp
onatpfr
onatprf
onatrfp
onatrpf
onfaprt
onfaptr
onfarpt
onfartp
onfatpr
onfatrp
onfpart
onfpatr
onfprat
onfprta
onfptar
onfptra
onfrapt
onfratp
onfrpat
onfrpta
onfrtap
onfrtpa
onftapr
onftarp
onftpar
onftpra
onftrap
onftrpa
onpafrt
onpaftr
onparft
onpartf
onpatfr
onpatrf
onpfart
onpfatr
onpfrat
onpfrta
onpftar
onpftra
onpraft
onpratf
onprfat
onprfta
onprtaf
onprtfa
onptafr
onptarf
onptfar
onptfra
onptraf
onptrfa
onrafpt
onraftp
onrapft
onraptf
onratfp
onratpf
onrfapt
onrfatp
onrfpat
onrfpta
onrftap
onrftpa
onrpaft
onrpatf
onrpfat
onrpfta
onrptaf
onrptfa
onrtafp
onrtapf
onrtfap
onrtfpa
onrtpaf
onrtpfa
ontafpr
ontafrp
ontapfr
ontaprf
ontarfp
ontarpf
ontfapr
ontfarp
ontfpar
ontfpra
ontfrap
ontfrpa
ontpafr
ontparf
ontpfar
ontpfra
ontpraf
ontprfa
ontrafp
ontrapf
ontrfap
ontrfpa
ontrpaf
ontrpfa
opafnrt
opafntr
opafrnt
opafrtn
opaftnr
opaftrn
opanfrt
opanftr
opanrft
opanrtf
opantfr
opantrf
oparfnt
oparftn
oparnft
oparntf
opartfn
opartnf
opatfnr
opatfrn
opatnfr
opatnrf
opatrfn
opatrnf
opfanrt
opfantr
opfarnt
opfartn
opfatnr
opfatrn
opfnart
opfnatr
opfnrat
opfnrta
opfntar
opfntra
opfrant
opfratn
opfrnat
opfrnta
opfrtan
opfrtna
opftanr
opftarn
opftnar
opftnra
opftran
opftrna
opnafrt
opnaftr
opnarft
opnartf
opnatfr
opnatrf
opnfart
opnfatr
opnfrat
opnfrta
opnftar
opnftra
opnraft
opnratf
opnrfat
opnrfta
opnrtaf
opnrtfa
opntafr
opntarf
opntfar
opntfra
opntraf
opntrfa
oprafnt
opraftn
opranft
oprantf
opratfn
opratnf
oprfant
oprfatn
oprfnat
oprfnta
oprftan
oprftna
oprnaft
oprnatf
oprnfat
oprnfta
oprntaf
oprntfa
oprtafn
oprtanf
oprtfan
oprtfna
oprtnaf
oprtnfa
optafnr
optafrn
optanfr
optanrf
optarfn
optarnf
optfanr
optfarn
optfnar
optfnra
optfran
optfrna
optnafr
optnarf
optnfar
optnfra
optnraf
optnrfa
optrafn
optranf
optrfan
optrfna
optrnaf
optrnfa
orafnpt
orafntp
orafpnt
orafptn
oraftnp
oraftpn
oranfpt
oranftp
oranpft
oranptf
orantfp
orantpf
orapfnt
orapftn
orapnft
orapntf
oraptfn
oraptnf
oratfnp
oratfpn
oratnfp
oratnpf
oratpfn
oratpnf
orfanpt
orfantp
orfapnt
orfaptn
orfatnp
orfatpn
orfnapt
orfnatp
orfnpat
orfnpta
orfntap
orfntpa
orfpant
orfpatn
orfpnat
orfpnta
orfptan
orfptna
orftanp
orftapn
orftnap
orftnpa
orftpan
orftpna
ornafpt
ornaftp
ornapft
ornaptf
ornatfp
ornatpf
ornfapt
ornfatp
ornfpat
ornfpta
ornftap
ornftpa
ornpaft
ornpatf
ornpfat
ornpfta
ornptaf
ornptfa
orntafp
orntapf
orntfap
orntfpa
orntpaf
orntpfa
orpafnt
orpaftn
orpanft
orpantf
orpatfn
orpatnf
orpfant
orpfatn
orpfnat
orpfnta
orpftan
orpftna
orpnaft
orpnatf
orpnfat
orpnfta
orpntaf
orpntfa
orptafn
orptanf
orptfan
orptfna
orptnaf
orptnfa
ortafnp
ortafpn
ortanfp
ortanpf
ortapfn
ortapnf
ortfanp
ortfapn
ortfnap
ortfnpa
ortfpan
ortfpna
ortnafp
ortnapf
ortnfap
ortnfpa
ortnpaf
ortnpfa
ortpafn
ortpanf
ortpfan
ortpfna
ortpnaf
ortpnfa
otafnpr
otafnrp
otafpnr
otafprn
otafrnp
otafrpn
otanfpr
otanfrp
otanpfr
otanprf
otanrfp
otanrpf
otapfnr
otapfrn
otapnfr
otapnrf
otaprfn
otaprnf
otarfnp
otarfpn
otarnfp
otarnpf
otarpfn
otarpnf
otfanpr
otfanrp
otfapnr
otfaprn
otfarnp
otfarpn
otfnapr
otfnarp
otfnpar
otfnpra
otfnrap
otfnrpa
otfpanr
otfparn
otfpnar
otfpnra
otfpran
otfprna
otfranp
otfrapn
otfrnap
otfrnpa
otfrpan
otfrpna
otnafpr
otnafrp
otnapfr
otnaprf
otnarfp
otnarpf
otnfapr
otnfarp
otnfpar
otnfpra
otnfrap
otnfrpa
otnpafr
otnparf
otnpfar
otnpfra
otnpraf
otnprfa
otnrafp
otnrapf
otnrfap
otnrfpa
otnrpaf
otnrpfa
otpafnr
otpafrn
otpanfr
otpanrf
otparfn
otparnf
otpfanr
otpfarn
otpfnar
otpfnra
otpfran
otpfrna
otpnafr
otpnarf
otpnfar
otpnfra
otpnraf
otpnrfa
otprafn
otpranf
otprfan
otprfna
otprnaf
otprnfa
otrafnp
otrafpn
otranfp
otranpf
otrapfn
otrapnf
otrfanp
otrfapn
otrfnap
otrfnpa
otrfpan
otrfpna
otrnafp
otrnapf
otrnfap
otrnfpa
otrnpaf
otrnpfa
otrpafn
otrpanf
otrpfan
otrpfna
otrpnaf
otrpnfa
pafnort
pafnotr
pafnrot
pafnrto
pafntor
pafntro
pafonrt
pafontr
pafornt
pafortn
pafotnr
pafotrn
pafrnot
pafrnto
pafront
pafrotn
pafrtno
pafrton
paftnor
paftnro
paftonr
paftorn
paftrno
paftron
panfort
panfotr
panfrot
panfrto
panftor
panftro
panofrt
panoftr
panorft
panortf
panotfr
panotrf
panrfot
panrfto
panroft
panrotf
panrtfo
panrtof
pantfor
pantfro
pantofr
pantorf
pantrfo
pantrof
paofnrt
paofntr
paofrnt
paofrtn
paoftnr
paoftrn
paonfrt
paonftr
paonrft
paonrtf
paontfr
paontrf
paorfnt
paorftn
paornft
paorntf
paortfn
paortnf
paotfnr
paotfrn
paotnfr
paotnrf
paotrfn
paotrnf
parfnot
parfnto
parfont
parfotn
parftno
parfton
parnfot
parnfto
parnoft
parnotf
parntfo
parntof
parofnt
paroftn
paronft
parontf
parotfn
parotnf
partfno
partfon
partnfo
partnof
partofn
partonf
patfnor
patfnro
patfonr
patforn
patfrno
patfron
patnfor
patnfro
patnofr
patnorf
patnrfo
patnrof
patofnr
patofrn
patonfr
patonrf
patorfn
patornf
patrfno
patrfon
patrnfo
patrnof
patrofn
patronf
pfanort
pfanotr
pfanrot
pfanrto
pfantor
pfantro
pfaonrt
pfaontr
pfaornt
pfaortn
pfaotnr
pfaotrn
pfarnot
pfarnto
pfaront
pfarotn
pfartno
pfarton
pfatnor
pfatnro
pfatonr
pfatorn
pfatrno
pfatron
pfnaort
pfnaotr
pfnarot
pfnarto
pfnator
pfnatro
pfnoart
pfnoatr
pfnorat
pfnorta
pfnotar
pfnotra
pfnraot
pfnrato
pfnroat
pfnrota
pfnrtao
pfnrtoa
pfntaor
pfntaro
pfntoar
pfntora
pfntrao
pfntroa
pfoanrt
pfoantr
pfoarnt
pfoartn
pfoatnr
pfoatrn
pfonart
pfonatr
pfonrat
pfonrta
pfontar
pfontra
pforant
pforatn
pfornat
pfornta
pfortan
pfortna
pfotanr
pfotarn
pfotnar
pfotnra
pfotran
pfotrna
pfranot
pfranto
pfraont
pfraotn
pfratno
pfraton
pfrnaot
pfrnato
pfrnoat
pfrnota
pfrntao
pfrntoa
pfroant
pfroatn
pfronat
pfronta
pfrotan
pfrotna
pfrtano
pfrtaon
pfrtnao
pfrtnoa
pfrtoan
pfrtona
pftanor
pftanro
pftaonr
pftaorn
pftarno
pftaron
pftnaor
pftnaro
pftnoar
pftnora
pftnrao
pftnroa
pftoanr
pftoarn
pftonar
pftonra
pftoran
pftorna
pftrano
pftraon
pftrnao
pftrnoa
pftroan
pftrona
pnafort
pnafotr
pnafrot
pnafrto
pnaftor
pnaftro
pnaofrt
pnaoftr
pnaorft
pnaortf
pnaotfr
pnaotrf
pnarfot
pnarfto
pnaroft
pnarotf
pnartfo
pnartof
pnatfor
pnatfro
pnatofr
pnatorf
pnatrfo
pnatrof
pnfaort
pnfaotr
pnfarot
pnfarto
pnfator
pnfatro
pnfoart
pnfoatr
pnforat
pnforta
pnfotar
pnfotra
pnfraot
pnfrato
pnfroat
pnfrota
pnfrtao
pnfrtoa
pnftaor
pnftaro
pnftoar
pnftora
pnftrao
pnftroa
pnoafrt
pnoaftr
pnoarft
pnoartf
pnoatfr
pnoatrf
pnofart
pnofatr
pnofrat
pnofrta
pnoftar
pnoftra
pnoraft
pnoratf
pnorfat
pnorfta
pnortaf
pnortfa
pnotafr
pnotarf
pnotfar
pnotfra
pnotraf
pnotrfa
pnrafot
pnrafto
pnraoft
pnraotf
pnratfo
pnratof
pnrfaot
pnrfato
pnrfoat
pnrfota
pnrftao
pnrftoa
pnroaft
pnroatf
pnrofat
pnrofta
pnrotaf
pnrotfa
pnrtafo
pnrtaof
pnrtfao
pnrtfoa
pnrtoaf
pnrtofa
pntafor
pntafro
pntaofr
pntaorf
pntarfo
pntarof
pntfaor
pntfaro
pntfoar
pntfora
pntfrao
pntfroa
pntoafr
pntoarf
pntofar
pntofra
pntoraf
pntorfa
pntrafo
pntraof
pntrfao
pntrfoa
pntroaf
pntrofa
poafnrt
poafntr
poafrnt
poafrtn
poaftnr
poaftrn
poanfrt
poanftr
poanrft
poanrtf
poantfr
poantrf
poarfnt
poarftn
poarnft
poarntf
poartfn
poartnf
poatfnr
poatfrn
poatnfr
poatnrf
poatrfn
poatrnf
pofanrt
pofantr
pofarnt
pofartn
pofatnr
pofatrn
pofnart
pofnatr
pofnrat
pofnrta
pofntar
pofntra
pofrant
pofratn
pofrnat
pofrnta
pofrtan
pofrtna
poftanr
poftarn
poftnar
poftnra
poftran
poftrna
ponafrt
ponaftr
ponarft
ponartf
ponatfr
ponatrf
ponfart
ponfatr
ponfrat
ponfrta
ponftar
ponftra
ponraft
ponratf
ponrfat
ponrfta
ponrtaf
ponrtfa
pontafr
pontarf
pontfar
pontfra
pontraf
pontrfa
porafnt
poraftn
poranft
porantf
poratfn
poratnf
porfant
porfatn
porfnat
porfnta
porftan
porftna
pornaft
pornatf
pornfat
pornfta
porntaf
porntfa
portafn
portanf
portfan
portfna
portnaf
portnfa
potafnr
potafrn
potanfr
potanrf
potarfn
potarnf
potfanr
potfarn
potfnar
potfnra
potfran
potfrna
potnafr
potnarf
potnfar
potnfra
potnraf
potnrfa
potrafn
potranf
potrfan
potrfna
potrnaf
potrnfa
prafnot
prafnto
prafont
prafotn
praftno
prafton
pranfot
pranfto
pranoft
pranotf
prantfo
prantof
praofnt
praoftn
praonft
praontf
praotfn
praotnf
pratfno
pratfon
pratnfo
pratnof
pratofn
pratonf
prfanot
prfanto
prfaont
prfaotn
prfatno
prfaton
prfnaot
prfnato
prfnoat
prfnota
prfntao
prfntoa
prfoant
prfoatn
prfonat
prfonta
prfotan
prfotna
prftano
prftaon
prftnao
prftnoa
prftoan
prftona
prnafot
prnafto
prnaoft
prnaotf
prnatfo
prnatof
prnfaot
prnfato
prnfoat
prnfota
prnftao
prnftoa
prnoaft
prnoatf
prnofat
prnofta
prnotaf
prnotfa
prntafo
prntaof
prntfao
prntfoa
prntoaf
prntofa
proafnt
proaftn
proanft
proantf
proatfn
proatnf
profant
profatn
profnat
profnta
proftan
proftna
pronaft
pronatf
pronfat
pronfta
prontaf
prontfa
protafn
protanf
protfan
protfna
protnaf
protnfa
prtafno
prtafon
prtanfo
prtanof
prtaofn
prtaonf
prtfano
prtfaon
prtfnao
prtfnoa
prtfoan
prtfona
prtnafo
prtnaof
prtnfao
prtnfoa
prtnoaf
prtnofa
prtoafn
prtoanf
prtofan
prtofna
prtonaf
prtonfa
ptafnor
ptafnro
ptafonr
ptaforn
ptafrno
ptafron
ptanfor
ptanfro
ptanofr
ptanorf
ptanrfo
ptanrof
ptaofnr
ptaofrn
ptaonfr
ptaonrf
ptaorfn
ptaornf
ptarfno
ptarfon
ptarnfo
ptarnof
ptarofn
ptaronf
ptfanor
ptfanro
ptfaonr
ptfaorn
ptfarno
ptfaron
ptfnaor
ptfnaro
ptfnoar
ptfnora
ptfnrao
ptfnroa
ptfoanr
ptfoarn
ptfonar
ptfonra
ptforan
ptforna
ptfrano
ptfraon
ptfrnao
ptfrnoa
ptfroan
ptfrona
ptnafor
ptnafro
ptnaofr
ptnaorf
ptnarfo
ptnarof
ptnfaor
ptnfaro
ptnfoar
ptnfora
ptnfrao
ptnfroa
ptnoafr
ptnoarf
ptnofar
ptnofra
ptnoraf
ptnorfa
ptnrafo
ptnraof
ptnrfao
ptnrfoa
ptnroaf
ptnrofa
ptoafnr
ptoafrn
ptoanfr
ptoanrf
ptoarfn
ptoarnf
ptofanr
ptofarn
ptofnar
ptofnra
ptofran
ptofrna
ptonafr
ptonarf
ptonfar
ptonfra
ptonraf
ptonrfa
ptorafn
ptoranf
ptorfan
ptorfna
ptornaf
ptornfa
ptrafno
ptrafon
ptranfo
ptranof
ptraofn
ptraonf
ptrfano
ptrfaon
ptrfnao
ptrfnoa
ptrfoan
ptrfona
ptrnafo
ptrnaof
ptrnfao
ptrnfoa
ptrnoaf
ptrnofa
ptroafn
ptroanf
ptrofan
ptrofna
ptronaf
ptronfa
rafnopt
rafnotp
rafnpot
rafnpto
rafntop
rafntpo
rafonpt
rafontp
rafopnt
rafoptn
rafotnp
rafotpn
rafpnot
rafpnto
rafpont
rafpotn
rafptno
rafpton
raftnop
raftnpo
raftonp
raftopn
raftpno
raftpon
ranfopt
ranfotp
ranfpot
ranfpto
ranftop
ranftpo
ranofpt
ranoftp
ranopft
ranoptf
ranotfp
ranotpf
ranpfot
ranpfto
ranpoft
ranpotf
ranptfo
ranptof
rantfop
rantfpo
rantofp
rantopf
rantpfo
rantpof
raofnpt
raofntp
raofpnt
raofptn
raoftnp
raoftpn
raonfpt
raonftp
raonpft
raonptf
raontfp
raontpf
raopfnt
raopftn
raopnft
raopntf
raoptfn
raoptnf
raotfnp
raotfpn
raotnfp
raotnpf
raotpfn
raotpnf
rapfnot
rapfnto
rapfont
rapfotn
rapftno
rapfton
rapnfot
rapnfto
rapnoft
rapnotf
rapntfo
rapntof
rapofnt
rapoftn
raponft
rapontf
rapotfn
rapotnf
raptfno
raptfon
raptnfo
raptnof
raptofn
raptonf
ratfnop
ratfnpo
ratfonp
ratfopn
ratfpno
ratfpon
ratnfop
ratnfpo
ratnofp
ratnopf
ratnpfo
ratnpof
ratofnp
ratofpn
ratonfp
ratonpf
ratopfn
ratopnf
ratpfno
ratpfon
ratpnfo
ratpnof
ratpofn
ratponf
rfanopt
rfanotp
rfanpot
rfanpto
rfantop
rfantpo
rfaonpt
rfaontp
rfaopnt
rfaoptn
rfaotnp
rfaotpn
rfapnot
rfapnto
rfapont
rfapotn
rfaptno
rfapton
rfatnop
rfatnpo
rfatonp
rfatopn
rfatpno
rfatpon
rfnaopt
rfnaotp
rfnapot
rfnapto
rfnatop
rfnatpo
rfnoapt
rfnoatp
rfnopat
rfnopta
rfnotap
rfnotpa
rfnpaot
rfnpato
rfnpoat
rfnpota
rfnptao
rfnptoa
rfntaop
rfntapo
rfntoap
rfntopa
rfntpao
rfntpoa
rfoanpt
rfoantp
rfoapnt
rfoaptn
rfoatnp
rfoatpn
rfonapt
rfonatp
rfonpat
rfonpta
rfontap
rfontpa
rfopant
rfopatn
rfopnat
rfopnta
rfoptan
rfoptna
rfotanp
rfotapn
rfotnap
rfotnpa
rfotpan
rfotpna
rfpanot
rfpanto
rfpaont
rfpaotn
rfpatno
rfpaton
rfpnaot
rfpnato
rfpnoat
rfpnota
rfpntao
rfpntoa
rfpoant
rfpoatn
rfponat
rfponta
rfpotan
rfpotna
rfptano
rfptaon
rfptnao
rfptnoa
rfptoan
rfptona
rftanop
rftanpo
rftaonp
rftaopn
rftapno
rftapon
rftnaop
rftnapo
rftnoap
rftnopa
rftnpao
rftnpoa
rftoanp
rftoapn
rftonap
rftonpa
rftopan
rftopna
rftpano
rftpaon
rftpnao
rftpnoa
rftpoan
rftpona
rnafopt
rnafotp
rnafpot
rnafpto
rnaftop
rnaftpo
rnaofpt
rnaoftp
rnaopft
rnaoptf
rnaotfp
rnaotpf
rnapfot
rnapfto
rnapoft
rnapotf
rnaptfo
rnaptof
rnatfop
rnatfpo
rnatofp
rnatopf
rnatpfo
rnatpof
rnfaopt
rnfaotp
rnfapot
rnfapto
rnfatop
rnfatpo
rnfoapt
rnfoatp
rnfopat
rnfopta
rnfotap
rnfotpa
rnfpaot
rnfpato
rnfpoat
rnfpota
rnfptao
rnfptoa
rnftaop
rnftapo
rnftoap
rnftopa
rnftpao
rnftpoa
rnoafpt
rnoaftp
rnoapft
rnoaptf
rnoatfp
rnoatpf
rnofapt
rnofatp
rnofpat
rnofpta
rnoftap
rnoftpa
rnopaft
rnopatf
rnopfat
rnopfta
rnoptaf
rnoptfa
rnotafp
rnotapf
rnotfap
rnotfpa
rnotpaf
rnotpfa
rnpafot
rnpafto
rnpaoft
rnpaotf
rnpatfo
rnpatof
rnpfaot
rnpfato
rnpfoat
rnpfota
rnpftao
rnpftoa
rnpoaft
rnpoatf
rnpofat
rnpofta
rnpotaf
rnpotfa
rnptafo
rnptaof
rnptfao
rnptfoa
rnptoaf
rnptofa
rntafop
rntafpo
rntaofp
rntaopf
rntapfo
rntapof
rntfaop
rntfapo
rntfoap
rntfopa
rntfpao
rntfpoa
rntoafp
rntoapf
rntofap
rntofpa
rntopaf
rntopfa
rntpafo
rntpaof
rntpfao
rntpfoa
rntpoaf
rntpofa
roafnpt
roafntp
roafpnt
roafptn
roaftnp
roaftpn
roanfpt
roanftp
roanpft
roanptf
roantfp
roantpf
roapfnt
roapftn
roapnft
roapntf
roaptfn
roaptnf
roatfnp
roatfpn
roatnfp
roatnpf
roatpfn
roatpnf
rofanpt
rofantp
rofapnt
rofaptn
rofatnp
rofatpn
rofnapt
rofnatp
rofnpat
rofnpta
rofntap
rofntpa
rofpant
rofpatn
rofpnat
rofpnta
rofptan
rofptna
roftanp
roftapn
roftnap
roftnpa
roftpan
roftpna
ronafpt
ronaftp
ronapft
ronaptf
ronatfp
ronatpf
ronfapt
ronfatp
ronfpat
ronfpta
ronftap
ronftpa
ronpaft
ronpatf
ronpfat
ronpfta
ronptaf
ronptfa
rontafp
rontapf
rontfap
rontfpa
rontpaf
rontpfa
ropafnt
ropaftn
ropanft
ropantf
ropatfn
ropatnf
ropfant
ropfatn
ropfnat
ropfnta
ropftan
ropftna
ropnaft
ropnatf
ropnfat
ropnfta
ropntaf
ropntfa
roptafn
roptanf
roptfan
roptfna
roptnaf
roptnfa
rotafnp
rotafpn
rotanfp
rotanpf
rotapfn
rotapnf
rotfanp
rotfapn
rotfnap
rotfnpa
rotfpan
rotfpna
rotnafp
rotnapf
rotnfap
rotnfpa
rotnpaf
rotnpfa
rotpafn
rotpanf
rotpfan
rotpfna
rotpnaf
rotpnfa
rpafnot
rpafnto
rpafont
rpafotn
rpaftno
rpafton
rpanfot
rpanfto
rpanoft
rpanotf
rpantfo
rpantof
rpaofnt
rpaoftn
rpaonft
rpaontf
rpaotfn
rpaotnf
rpatfno
rpatfon
rpatnfo
rpatnof
rpatofn
rpatonf
rpfanot
rpfanto
rpfaont
rpfaotn
rpfatno
rpfaton
rpfnaot
rpfnato
rpfnoat
rpfnota
rpfntao
rpfntoa
rpfoant
rpfoatn
rpfonat
rpfonta
rpfotan
rpfotna
rpftano
rpftaon
rpftnao
rpftnoa
rpftoan
rpftona
rpnafot
rpnafto
rpnaoft
rpnaotf
rpnatfo
rpnatof
rpnfaot
rpnfato
rpnfoat
rpnfota
rpnftao
rpnftoa
rpnoaft
rpnoatf
rpnofat
rpnofta
rpnotaf
rpnotfa
rpntafo
rpntaof
rpntfao
rpntfoa
rpntoaf
rpntofa
rpoafnt
rpoaftn
rpoanft
rpoantf
rpoatfn
rpoatnf
rpofant
rpofatn
rpofnat
rpofnta
rpoftan
rpoftna
rponaft
rponatf
rponfat
rponfta
rpontaf
rpontfa
rpotafn
rpotanf
rpotfan
rpotfna
rpotnaf
rpotnfa
rptafno
rptafon
rptanfo
rptanof
rptaofn
rptaonf
rptfano
rptfaon
rptfnao
rptfnoa
rptfoan
rptfona
rptnafo
rptnaof
rptnfao
rptnfoa
rptnoaf
rptnofa
rptoafn
rptoanf
rptofan
rptofna
rptonaf
rptonfa
rtafnop
rtafnpo
rtafonp
rtafopn
rtafpno
rtafpon
rtanfop
rtanfpo
rtanofp
rtanopf
rtanpfo
rtanpof
rtaofnp
rtaofpn
rtaonfp
rtaonpf
rtaopfn
rtaopnf
rtapfno
rtapfon
rtapnfo
rtapnof
rtapofn
rtaponf
rtfanop
rtfanpo
rtfaonp
rtfaopn
rtfapno
rtfapon
rtfnaop
rtfnapo
rtfnoap
rtfnopa
rtfnpao
rtfnpoa
rtfoanp
rtfoapn
rtfonap
rtfonpa
rtfopan
rtfopna
rtfpano
rtfpaon
rtfpnao
rtfpnoa
rtfpoan
rtfpona
rtnafop
rtnafpo
rtnaofp
rtnaopf
rtnapfo
rtnapof
rtnfaop
rtnfapo
rtnfoap
rtnfopa
rtnfpao
rtnfpoa
rtnoafp
rtnoapf
rtnofap
rtnofpa
rtnopaf
rtnopfa
rtnpafo
rtnpaof
rtnpfao
rtnpfoa
rtnpoaf
rtnpofa
rtoafnp
rtoafpn
rtoanfp
rtoanpf
rtoapfn
rtoapnf
rtofanp
rtofapn
rtofnap
rtofnpa
rtofpan
rtofpna
rtonafp
rtonapf
rtonfap
rtonfpa
rtonpaf
rtonpfa
rtopafn
rtopanf
rtopfan
rtopfna
rtopnaf
rtopnfa
rtpafno
rtpafon
rtpanfo
rtpanof
rtpaofn
rtpaonf
rtpfano
rtpfaon
rtpfnao
rtpfnoa
rtpfoan
rtpfona
rtpnafo
rtpnaof
rtpnfao
rtpnfoa
rtpnoaf
rtpnofa
rtpoafn
rtpoanf
rtpofan
rtpofna
rtponaf
rtponfa
tafnopr
tafnorp
tafnpor
tafnpro
tafnrop
tafnrpo
tafonpr
tafonrp
tafopnr
tafoprn
tafornp
taforpn
tafpnor
tafpnro
tafponr
tafporn
tafprno
tafpron
tafrnop
tafrnpo
tafronp
tafropn
tafrpno
tafrpon
tanfopr
tanforp
tanfpor
tanfpro
tanfrop
tanfrpo
tanofpr
tanofrp
tanopfr
tanoprf
tanorfp
tanorpf
tanpfor
tanpfro
tanpofr
tanporf
tanprfo
tanprof
tanrfop
tanrfpo
tanrofp
tanropf
tanrpfo
tanrpof
taofnpr
taofnrp
taofpnr
taofprn
taofrnp
taofrpn
taonfpr
taonfrp
taonpfr
taonprf
taonrfp
taonrpf
taopfnr
taopfrn
taopnfr
taopnrf
taoprfn
taoprnf
taorfnp
taorfpn
taornfp
taornpf
taorpfn
taorpnf
tapfnor
tapfnro
tapfonr
tapforn
tapfrno
tapfron
tapnfor
tapnfro
tapnofr
tapnorf
tapnrfo
tapnrof
tapofnr
tapofrn
taponfr
taponrf
taporfn
tapornf
taprfno
taprfon
taprnfo
taprnof
taprofn
tapronf
tarfnop
tarfnpo
tarfonp
tarfopn
tarfpno
tarfpon
tarnfop
tarnfpo
tarnofp
tarnopf
tarnpfo
tarnpof
tarofnp
tarofpn
taronfp
taronpf
taropfn
taropnf
tarpfno
tarpfon
tarpnfo
tarpnof
tarpofn
tarponf
tfanopr
tfanorp
tfanpor
tfanpro
tfanrop
tfanrpo
tfaonpr
tfaonrp
tfaopnr
tfaoprn
tfaornp
tfaorpn
tfapnor
tfapnro
tfaponr
tfaporn
tfaprno
tfapron
tfarnop
tfarnpo
tfaronp
tfaropn
tfarpno
tfarpon
tfnaopr
tfnaorp
tfnapor
tfnapro
tfnarop
tfnarpo
tfnoapr
tfnoarp
tfnopar
tfnopra
tfnorap
tfnorpa
tfnpaor
tfnparo
tfnpoar
tfnpora
tfnprao
tfnproa
tfnraop
tfnrapo
tfnroap
tfnropa
tfnrpao
tfnrpoa
tfoanpr
tfoanrp
tfoapnr
tfoaprn
tfoarnp
tfoarpn
tfonapr
tfonarp
tfonpar
tfonpra
tfonrap
tfonrpa
tfopanr
tfoparn
tfopnar
tfopnra
tfopran
tfoprna
tforanp
tforapn
tfornap
tfornpa
tforpan
tforpna
tfpanor
tfpanro
tfpaonr
tfpaorn
tfparno
tfparon
tfpnaor
tfpnaro
tfpnoar
tfpnora
tfpnrao
tfpnroa
tfpoanr
tfpoarn
tfponar
tfponra
tfporan
tfporna
tfprano
tfpraon
tfprnao
tfprnoa
tfproan
tfprona
tfranop
tfranpo
tfraonp
tfraopn
tfrapno
tfrapon
tfrnaop
tfrnapo
tfrnoap
tfrnopa
tfrnpao
tfrnpoa
tfroanp
tfroapn
tfronap
tfronpa
tfropan
tfropna
tfrpano
tfrpaon
tfrpnao
tfrpnoa
tfrpoan
tfrpona
tnafopr
tnaforp
tnafpor
tnafpro
tnafrop
tnafrpo
tnaofpr
tnaofrp
tnaopfr
tnaoprf
tnaorfp
tnaorpf
tnapfor
tnapfro
tnapofr
tnaporf
tnaprfo
tnaprof
tnarfop
tnarfpo
tnarofp
tnaropf
tnarpfo
tnarpof
tnfaopr
tnfaorp
tnfapor
tnfapro
tnfarop
tnfarpo
tnfoapr
tnfoarp
tnfopar
tnfopra
tnforap
tnforpa
tnfpaor
tnfparo
tnfpoar
tnfpora
tnfprao
tnfproa
tnfraop
tnfrapo
tnfroap
tnfropa
tnfrpao
tnfrpoa
tnoafpr
tnoafrp
tnoapfr
tnoaprf
tnoarfp
tnoarpf
tnofapr
tnofarp
tnofpar
tnofpra
tnofrap
tnofrpa
tnopafr
tnoparf
tnopfar
tnopfra
tnopraf
tnoprfa
tnorafp
tnorapf
tnorfap
tnorfpa
tnorpaf
tnorpfa
tnpafor
tnpafro
tnpaofr
tnpaorf
tnparfo
tnparof
tnpfaor
tnpfaro
tnpfoar
tnpfora
tnpfrao
tnpfroa
tnpoafr
tnpoarf
tnpofar
tnpofra
tnporaf
tnporfa
tnprafo
tnpraof
tnprfao
tnprfoa
tnproaf
tnprofa
tnrafop
tnrafpo
tnraofp
tnraopf
tnrapfo
tnrapof
tnrfaop
tnrfapo
tnrfoap
tnrfopa
tnrfpao
tnrfpoa
tnroafp
tnroapf
tnrofap
tnrofpa
tnropaf
tnropfa
tnrpafo
tnrpaof
tnrpfao
tnrpfoa
tnrpoaf
tnrpofa
toafnpr
toafnrp
toafpnr
toafprn
toafrnp
toafrpn
toanfpr
toanfrp
toanpfr
toanprf
toanrfp
toanrpf
toapfnr
toapfrn
toapnfr
toapnrf
toaprfn
toaprnf
toarfnp
toarfpn
toarnfp
toarnpf
toarpfn
toarpnf
tofanpr
tofanrp
tofapnr
tofaprn
tofarnp
tofarpn
tofnapr
tofnarp
tofnpar
tofnpra
tofnrap
tofnrpa
tofpanr
tofparn
tofpnar
tofpnra
tofpran
tofprna
tofranp
tofrapn
tofrnap
tofrnpa
tofrpan
tofrpna
tonafpr
tonafrp
tonapfr
tonaprf
tonarfp
tonarpf
tonfapr
tonfarp
tonfpar
tonfpra
tonfrap
tonfrpa
tonpafr
tonparf
tonpfar
tonpfra
tonpraf
tonprfa
tonrafp
tonrapf
tonrfap
tonrfpa
tonrpaf
tonrpfa
topafnr
topafrn
topanfr
topanrf
toparfn
toparnf
topfanr
topfarn
topfnar
topfnra
topfran
topfrna
topnafr
topnarf
topnfar
topnfra
topnraf
topnrfa
toprafn
topranf
toprfan
toprfna
toprnaf
toprnfa
torafnp
torafpn
toranfp
toranpf
torapfn
torapnf
torfanp
torfapn
torfnap
torfnpa
torfpan
torfpna
tornafp
tornapf
tornfap
tornfpa
tornpaf
tornpfa
torpafn
torpanf
torpfan
torpfna
torpnaf
torpnfa
tpafnor
tpafnro
tpafonr
tpaforn
tpafrno
tpafron
tpanfor
tpanfro
tpanofr
tpanorf
tpanrfo
tpanrof
tpaofnr
tpaofrn
tpaonfr
tpaonrf
tpaorfn
tpaornf
tparfno
tparfon
tparnfo
tparnof
tparofn
tparonf
tpfanor
tpfanro
tpfaonr
tpfaorn
tpfarno
tpfaron
tpfnaor
tpfnaro
tpfnoar
tpfnora
tpfnrao
tpfnroa
tpfoanr
tpfoarn
tpfonar
tpfonra
tpforan
tpforna
tpfrano
tpfraon
tpfrnao
tpfrnoa
tpfroan
tpfrona
tpnafor
tpnafro
tpnaofr
tpnaorf
tpnarfo
tpnarof
tpnfaor
tpnfaro
tpnfoar
tpnfora
tpnfrao
tpnfroa
tpnoafr
tpnoarf
tpnofar
tpnofra
tpnoraf
tpnorfa
tpnrafo
tpnraof
tpnrfao
tpnrfoa
tpnroaf
tpnrofa
tpoafnr
tpoafrn
tpoanfr
tpoanrf
tpoarfn
tpoarnf
tpofanr
tpofarn
tpofnar
tpofnra
tpofran
tpofrna
tponafr
tponarf
tponfar
tponfra
tponraf
tponrfa
tporafn
tporanf
tporfan
tporfna
tpornaf
tpornfa
tprafno
tprafon
tpranfo
tpranof
tpraofn
tpraonf
tprfano
tprfaon
tprfnao
tprfnoa
tprfoan
tprfona
tprnafo
tprnaof
tprnfao
tprnfoa
tprnoaf
tprnofa
tproafn
tproanf
tprofan
tprofna
tpronaf
tpronfa
trafnop
trafnpo
trafonp
trafopn
trafpno
trafpon
tranfop
tranfpo
tranofp
tranopf
tranpfo
tranpof
traofnp
traofpn
traonfp
traonpf
traopfn
traopnf
trapfno
trapfon
trapnfo
trapnof
trapofn
traponf
trfanop
trfanpo
trfaonp
trfaopn
trfapno
trfapon
trfnaop
trfnapo
trfnoap
trfnopa
trfnpao
trfnpoa
trfoanp
trfoapn
trfonap
trfonpa
trfopan
trfopna
trfpano
trfpaon
trfpnao
trfpnoa
trfpoan
trfpona
trnafop
trnafpo
trnaofp
trnaopf
trnapfo
trnapof
trnfaop
trnfapo
trnfoap
trnfopa
trnfpao
trnfpoa
trnoafp
trnoapf
trnofap
trnofpa
trnopaf
trnopfa
trnpafo
trnpaof
trnpfao
trnpfoa
trnpoaf
trnpofa
troafnp
troafpn
troanfp
troanpf
troapfn
troapnf
trofanp
trofapn
trofnap
trofnpa
trofpan
trofpna
tronafp
tronapf
tronfap
tronfpa
tronpaf
tronpfa
tropafn
tropanf
tropfan
tropfna
tropnaf
tropnfa
trpafno
trpafon
trpanfo
trpanof
trpaofn
trpaonf
trpfano
trpfaon
trpfnao
trpfnoa
trpfoan
trpfona
trpnafo
trpnaof
trpnfao
trpnfoa
trpnoaf
trpnofa
trpoafn
trpoanf
trpofan
trpofna
trponaf
trponfa
a
an
f
fa
fan
fn
ft
fta
ftan
ftn
n
o
oa
oan
of
ofa
ofan
ofn
oft
ofta
oftan
oftn
on
ot
ota
otan
otn
p
pa
pan
pf
pfa
pfan
pfn
pft
pfta
pftan
pftn
pn
po
poa
poan
pof
pofa
pofan
pofn
poft
pofta
poftan
poftn
pon
pot
pota
potan
potn
pr
pra
pran
prf
prfa
prfan
prfn
prft
prfta
prftan
prftn
prn
pro
proa
proan
prof
profa
profan
profn
proft
profta
proftan
proftn
pron
prot
prota
protan
protn
prt
prta
prtan
prtn
pt
pta
ptan
ptn
r
ra
ran
rf
rfa
rfan
rfn
rft
rfta
rftan
rftn
rn
ro
roa
roan
rof
rofa
rofan
rofn
roft
rofta
roftan
roftn
ron
rot
rota
rotan
rotn
rt
rta
rtan
rtn
t
ta
tan
tn
