497378
-814795
-1753977
-2491763
41385
2969381
971018
122557
-5320987
1100438
-5873779
3324495
2011019
-988038
3933929
839798
-3190966
-1854964
1795228
198992
1389102
1278959
2330951
-854925
1160614
-4874637
3672808
-661937
-2348716
1379286
3822619
1333198
2570525
812470
1211375
3133551
-874775
2171404
-2243803
149896
260986
-153494
463740
-1119538
863827
2107992
3303254
3759035
1604866
725986
3145485
52427
1974681
-3243296
201539
209768
646983
-3913239
-1756367
-3644078
0
-5348384
-963536
-2756596
763621
-992664
-760381
1881779
-1795228
4331896
-1492576
3104262
432695
962694
689300
589679
2457452
-1518029
3624994
998211
722462
1440903
-2862210
2410172
-3161645
3518160
-9691
-2310738
-2107256
-5794799
-3100769
-1805918
126116
1541956
-980467
-835832
-557167
4470900
-192756
-2504021
-3380333
-434285
3268042
304388
607730
2653459
-917093
-243875
3359814
-1327844
3966
-3965569
-4642193
-5227772
-4518560
-4124413
-719301
3522875
-861910
1871608
-3772513
2430889
1542002
1776313
625297
-327810
-5671646
353498
81224
-3391357
3810287
2914613
-2110421
278439
196123
2268035
1992471
1487260
803546
2533148
-525419
-2109444
-5525512
-280003
-2457452
-3150600
-3577609
3672059
96604
1951290
20149
634092
4620268
-3917361
-1783906
-2372552
-3396790
-3073159
-1897472
754375
-2069965
-4435203
2510824
-1143385
-3579855
5101530
2680244
-3300340
-1431817
278236
278484
393133
778767
1565247
1079801
3564858
-933617
536971
909640
-3081139
-1072549
0
-2583028
-4103115
860409
-3039497
168663
3827035
-1496820
-3875903
-275319
-2632019
-32339
1006543
-2905519
1984973
-1407862
-2016421
1049037
-1939059
872169
1277520
-1370904
343052
-2613580
1694422
-4289058
-687773
-3149603
775846
-620500
-351377
-942265
2458054
2582279
-442741
-2162575
-565045
-2383327
-693561
191043
-213729
3428978
-3185097
964686
-2190250
103712
-1672357
2811807
3589946
4361
-2817045
-3233286
254235
82862
1150608
-1792107
3681859
2914234
-2079597
4169547
2650654
-2547446
-1737717
-5224699
3433449
-2004349
4373289
1396584
-17820
605623
-1898867
5889604
1065206
442741
3139693
-2147442
2392479
3718543
-1109918
-1342755
4210088
1942207
-623274
92245
516572
2178599
1835212
1665570
-3145974
-4711735
4823708
98742
1413752
-1676705
-3327892
-3069376
-1476386
3908053
-910019
-3775470
739915
-262814
1058291
482000
-1695993
-3133800
379732
1230375
-676619
1037670
3183717
-179882
59998
5097132
2917101
-3258396
-832106
83487
2616142
2380955
-2989141
-4036324
4081799
-1115719
-770798
2613235
-361799
4543748
0
0
1011891
3044519
-379732
144345
5180510
1252010
10594
1256893
-1393725
-482055
-3552475
4244160
-1608380
-1805122
-117896
-2171771
3228925
422373
-4197753
844931
912940
-1741086
-2814632
-4287303
908396
-1474948
759290
-2162785
-1777553
-860409
-945902
247595
-1462988
2855418
-580618
379810
-4611743
2259913
-3756155
883535
1933823
-106397
-1902340
-825608
582822
1612265
3892798
-3131339
3949516
0
2018148
-1895255
-4382124
-804235
-1912434
-2810538
-198866
-1802263
-2251346
-291490
-1733554
3106244
2978181
5310307
-3171336
2809880
778270
-3286598
-4081799
-518877
3499353
3569938
-3765928
-281292
1546848
889115
573176
2576821
1072549
-1148086
5412772
579408
-4126011
-3242885
-347587
-71712
1493079
-3966
-818037
-1469014
-2795621
-1451624
1799142
-885265
-2323222
3515222
3844338
1196222
-2669795
1459014
-2121399
-1979297
957795
2113451
246553
-2107992
-122557
-2377834
-4156967
24231
2496024
-647018
3082007
-2301155
-98147
79767
-1296217
939840
51464
-1159057
478929
-1793760
-3843435
1358340
-726829
-2569707
427390
76709
3500340
-2446495
3689895
-4331102
2879153
-3112315
-1548130
-4539998
-1558921
41587
-3647464
-3093400
-2449074
1506757
-2008408
4055993
2171771
-758541
1756367
-3088724
649421
2100651
4884002
-5056346
-1287869
-1274300
1941327
876922
-3793222
-234547
2310738
-2724800
-370202
4560265
-1809019
1557037
-1866661
-596699
1558921
-429116
3765928
3230917
1291131
-2518389
-2344574
4213077
900150
1248328
-2211180
-1520250
3073159
-2430889
1738460
3100296
-4198895
1749158
0
-1100438
-2032416
-1802463
1793562
-247281
-554493
3233286
-647401
1897472
3183532
-895300
-1972906
-2139238
-1964084
49967
3302880
-3809906
-2341942
487421
-1419047
340065
1276015
3415961
-595736
-2340179
2061940
-686339
145372
2743070
778262
1194976
-1395413
2500166
-657697
-2475103
423069
1045977
-3489937
-5455028
1966604
-1734556
-1309529
325996
2906307
-3285849
1961629
43925
1434744
2934113
3384793
-3702953
1933802
-296806
-3168969
2449628
4105083
-1933823
1458676
1969229
1573658
-3109718
1204150
-1079801
735313
4123184
1825521
576725
134041
-3370956
-694248
-3196002
3227309
-1150466
2154279
-1888937
-203227
2167633
0
1309494
-4286703
895300
264362
3120501
1211050
4422254
-3360413
3110205
247508
4611743
-3340801
-40665
990327
804493
588892
2349870
-1652642
793459
3614831
-1664595
767192
-2430018
-314530
-4094489
0
-2392479
-1420674
-4718220
-2011019
-291874
1849485
3425326
-386418
-1737520
-1502614
4185692
-3381008
-1624428
0
-864208
2502906
-610220
3775470
164119
1552681
-2372330
1396989
3414534
-4112366
3759310
1793462
2219005
-4697509
-683088
32339
-1590526
3818796
2514393
3820025
1845001
583739
5817451
756241
-2780048
648087
106477
1173613
-695440
-5006478
972484
-3479423
2333901
2859192
-1663337
-1401326
4481504
-2119459
-4178405
-4297660
940911
-4632243
-1005686
4834665
1417509
-194203
1851882
-2664669
2141013
-939840
-2197604
-1429365
2479864
2091073
-1899586
-1491503
-3416776
178521
848472
-2963144
4549308
2587359
-4724580
-214926
-3835353
2245043
2900134
321134
-2094990
-3866805
2326172
-2835955
-803879
-4549308
2058436
2607979
2449804
-3489504
3981385
548106
853254
1532956
-2426332
3515865
3702008
-2178025
4096486
-4284946
-537786
-299384
-527139
1035084
-2645550
1263380
2954004
3403745
3181538
5103029
1234300
922120
3913239
-548239
-3382976
970704
-3766057
2569655
-3588800
-191411
-41587
814438
3652905
-2502906
-2571697
907873
-17231
-3110205
2180944
-464655
-2533148
-331151
-1859949
958807
-712698
3608861
-429174
-851495
1834394
-1032857
-825539
-1137205
-1176405
-342218
-607730
-691545
-970704
-2946079
14340
-341020
-628368
3218018
5444071
4290540
3608107
-603369
4718220
-2372548
2578061
-4202436
2184111
-4139549
3084113
-4176342
-2442721
2399837
-1672568
175602
4057584
2628325
-648641
-2035446
3261667
240032
-1122506
-1112904
2109444
-3718543
1212229
-4022050
-2228760
3655035
-749
324674
4022341
1736719
1668559
1435543
-1301751
2317711
-1469693
1317087
-1013466
-232409
1724222
1823738
65616
-1590036
-437826
1927184
-1950805
2141347
4107093
2367101
3285849
1904212
-750376
1071892
2239494
-1871608
-1656767
1407747
1787634
155554
4139549
4636721
-534261
3369613
2817045
-3578686
-2154279
665755
2913518
-4034846
-1569682
194203
5046469
287930
3493626
-51544
3011695
751240
438563
-3482745
-423069
-3225462
-3854701
2008674
-3844338
546453
618012
1949907
4544228
2335872
588459
-967036
-1694422
6318
294231
-830646
-2974232
-216734
3459640
-3760981
333449
-2964016
1419047
1565734
-61479
85608
-2969381
1389880
-1834044
3789622
2173373
3380517
39879
-3301537
-2357410
1582465
3464459
541220
1772650
-346424
1867439
-765977
3816888
-470058
155020
-1524343
1102599
-1205808
1203883
-5930339
854674
-4055993
-403364
975429
-1866528
-2710933
2182142
1963137
3158874
825504
-1927345
569679
-3404564
-187722
-684918
-3166242
-333557
-1417509
-4452304
-3648877
-1573658
-575778
0
-93509
270578
4845596
-327384
1066772
667098
-2079171
1597597
-4939407
-1023327
346424
3442668
-1784606
4014228
2127257
1686779
-2498146
1828451
4409985
4598464
4668303
1491503
1426787
5607077
950197
-917013
-3331433
-1568645
-2125777
-279480
-1333670
715809
1817402
-1488718
-1597597
-576725
2294096
-2573105
2517654
864208
731709
4193680
0
4435203
-1148417
2499334
-1575337
0
1492576
2633432
-1110296
-284792
1541968
-586105
-3901942
1732771
-3887097
4095127
-305148
478547
-923654
612363
-5287188
3976526
4472824
2270747
-4327408
0
-740065
1042826
3055315
-750224
566178
1802786
-2653990
283421
-4216750
3445949
1089617
961974
-1094292
-4474475
2391678
-5070688
-1211375
-3157384
113756
-281181
921454
2270592
2948407
