311764
1255518
-269153
1083900
-899308
1249594
1106408
-253061
-492381
-780585
-610207
614651
533502
156715
1163713
-5284
455698
-615063
-140761
-571656
698003
-304232
-126657
-1494130
-24675
144840
-146059
11760
-1197213
-215432
-316834
695446
-412151
25552
-4915
-493679
376509
487246
724835
729309
2972
685049
670831
-86945
936712
-497091
-138608
685919
-474258
5306
-1687708
120187
-1144344
756868
24675
-647623
-121384
418396
1687708
-607239
1226604
-628644
440235
0
16550
-605536
404835
380264
378258
162340
-311764
1124089
454004
763012
325823
4942
412151
-607464
-651792
-1866636
-1181112
1305713
-2262455
646451
-1419303
-1051466
-153899
-1283691
-716548
288222
-126986
-983181
0
-2752901
-841649
-161236
-1481703
-1860641
984424
-524693
-875765
9527
1446031
575988
922042
-100665
110977
-1572499
481432
399337
382609
0
195387
-561387
117557
437986
-1094793
1144026
-723426
-195387
489734
-75962
-1071803
-240819
-231045
-412014
904853
-315436
-72650
-1537411
1100881
139665
-354403
-708560
1144477
-469306
990151
1629858
491898
471599
-2090134
-756774
921667
1334346
-816943
-312684
-1372146
82771
-28935
-1249380
44728
745317
-603397
332940
1715801
-236511
81957
-813365
-63821
-518669
-932921
-267547
-437986
-575988
-949817
117521
-778817
-859988
680041
80126
297389
-982420
-1422326
0
-584673
-657329
-1505428
-204597
-241559
-146592
-696517
289790
-390245
524693
-465787
762832
-2029475
1285201
1214844
-809487
471618
590144
985488
924876
-1696235
-664707
899758
-1446031
140761
228120
-376509
1684179
-2525288
20637
-609642
-9210
-857304
-1053454
-268767
1459529
-524364
462454
1343873
-304719
655537
196140
131790
-964599
246311
11615
-650595
63821
2176077
2100115
-694777
-1256029
84410
-460543
-1097629
-156715
-793660
72650
0
609068
4444
-641145
-99876
354403
812915
-150919
92042
641145
-1134443
147706
964599
472049
-434804
373504
813732
1607025
-1684179
316834
391819
1523065
-796654
272337
85667
-485425
687050
-2201143
1172488
443114
-171082
30576
-1058931
-171385
809520
1428350
-229270
-30670
221342
-456976
356148
576404
1132767
-780724
971927
770926
527448
-1468622
327998
923084
-386323
-759401
-25552
745859
167830
161858
752503
1081343
34496
-668209
196051
2260520
426783
-253307
-967807
-207811
167673
-554619
596641
1089715
-10226
-1845126
-483109
-1065193
-1214844
-1459529
-1390323
-472049
234185
-225023
122737
-289790
386858
584673
159602
-196140
-490634
985686
725110
350996
-1277219
1134045
-1372642
-1284964
-663294
266234
-658601
-720836
0
814505
-615774
55830
443552
805170
0
1576536
-44215
929978
82773
-1422655
865676
-1281067
233735
-117170
352033
599541
-1613462
-722292
-1186640
1567009
-9728
-2060688
452726
-725616
-492552
-1543814
2502455
269736
-172946
166443
716548
-372365
612379
-1382027
6238
1391656
0
1000960
-702755
228981
239041
-146163
372343
-1419821
-1000960
2028197
225023
1133043
1297617
1372146
-520692
123401
-202422
-393721
814747
1224705
-375337
433578
267547
1094657
513598
39786
-1449879
789195
-1056666
1123728
-809520
1947019
290567
-28221
-387722
-378258
-253511
-1224727
-288222
-814747
-577452
-2100115
131947
-511582
-956868
-341767
-1309377
463751
-614651
0
-1085364
555756
1774698
-948449
-138601
232663
1413065
736870
1065193
-633455
-1070004
-7914
264768
-610920
-415168
437566
28221
-509595
-593669
-6756
-905303
370031
-461936
44215
-1513730
-630211
-460276
-656594
-201625
708560
1168135
-1318803
-475444
1315694
-233439
-879009
128382
-1218710
1845126
-934443
-117130
1261100
-1974084
-1738091
-1139038
-4444
59377
812028
-132847
-487883
928594
-518805
1177430
-187222
-256334
-640653
-663744
-852362
-844545
94427
-495813
-620447
-492512
324145
-1076868
552175
1219988
156916
-867755
1251573
1359653
474104
-380160
407410
-147188
1580413
-551758
-1867959
240819
-1365090
-350996
-1226761
0
1424407
1250658
-1047171
1457028
-466207
-885864
-618365
-203623
640255
1530280
152197
-1477207
-822896
1347967
885864
-843152
187222
99876
1277219
-1575471
1465524
782002
-1555688
-1251573
1047171
572507
-28310
85943
1085364
-386858
-984826
-268802
-1328075
-2670128
-497893
-2328235
497893
-676467
-461322
614133
464862
-1134045
308147
-196051
794110
0
294705
677069
1600412
-367423
447784
146592
294493
342643
496877
-373504
-59377
-236961
260128
86945
-460795
-1103321
0
1566261
-391819
0
-333315
-32003
-891170
-110459
784421
-238101
-143073
2012799
1565743
86378
409608
-1445789
-291394
-374165
-1168135
1857471
-321942
-1182714
-381575
-526323
1537411
932921
-959545
163471
80361
-1047100
-1774698
-317674
269993
-474590
823346
106632
234300
-274621
-994965
1410093
-1250658
-700363
121488
1779346
503067
994965
322714
-380264
-266234
62806
581308
764184
-112237
1828025
-1373586
-1334346
723109
1218710
347007
1272304
-812028
2151459
-1652020
748725
-47681
-679625
229270
-1413065
-272337
-688021
-2312
-684738
342386
504056
1097629
-640255
458010
1478034
867755
511582
-368530
-1511811
684738
-1285201
-316215
2262455
-2169140
253174
1617006
-630956
304719
-171217
-1138349
-571046
149621
1801912
-791370
-830984
-376269
-332618
-1147123
771979
-1224705
495813
337921
786926
956089
299777
479019
-492348
-1223903
-491898
-125129
-1217216
2269016
948449
-152158
912858
-588727
-1276267
-732193
318270
-496877
-326486
-555756
1860641
-209539
-556363
-377649
-103637
1419821
-362117
1025635
-449062
-651679
-239041
-599981
-694964
38154
-1177430
1372642
-499006
9210
-798266
445998
500988
1784679
797182
695057
2328235
522568
619169
1044556
-215874
1104599
554619
107295
-143052
-82771
352362
-509077
-385897
-67873
780724
1154414
-609068
967631
-1226604
1186640
201625
523125
-602879
-85943
-244184
1708345
-140943
484152
1021543
-1928898
846955
-163471
1219421
747786
396761
-841965
-878356
-1133043
157233
-232663
983146
96107
0
1625077
-253174
-1614690
985236
-898858
-581272
312684
-581308
-296805
-88622
1451033
137789
1928898
-173110
-257976
152162
918142
361889
-2095572
1081764
-504312
-401112
100960
535362
-750585
0
499006
-2028197
332618
-95180
-972809
702755
264876
464564
-258071
382091
1273710
-278680
583761
-650236
615774
1013047
1203854
628644
-467134
405955
98353
-108579
153899
929528
375942
161236
-468656
460276
-140547
-114903
-647765
112237
-1223965
387726
-786195
322064
-592057
-728090
146163
-1779346
492348
146999
-164811
-955101
1305088
-1025635
1249380
-842634
132847
-5306
610920
732904
-100960
-641385
386535
1468622
-55708
766695
-17681
-39427
290240
1050578
492552
-1156092
-612379
299767
-1013047
-1273710
493679
4915
-1721796
630211
299317
1457404
-694259
666836
296805
850074
572913
620730
-528758
-596641
483885
-590144
466207
915170
-157233
-640032
1445789
812576
-724704
1572499
-460872
0
-788686
253511
936194
1709870
-802259
-93909
684983
-1068259
-410233
-1215469
-756868
80383
472202
1183652
-1043034
769007
634882
-1276769
373829
884216
-518648
-990151
465380
1318803
-850461
-325026
1201070
-523747
-762769
-327998
-211815
-1545907
-481432
954246
265271
693017
-395424
-176005
-635400
0
919003
-639738
959135
-762832
-298203
455880
-1368743
1652020
-797955
434804
-228981
-321130
-1708795
1030621
-1891311
967807
989603
-177575
387722
-1079513
0
742431
1611687
-582758
460543
-321180
-36814
-133334
321180
-912858
-24969
-726812
1723638
528758
663744
-789195
-3926
133324
-847078
1180402
0
-803492
-792115
1365648
-338472
-816996
-91380
-230643
516047
109061
2029475
-572812
-147517
-1100881
-610809
-1305088
-2180394
-2206747
588727
830269
-308147
-464862
793682
2985564
-535362
-1266010
-1884683
842634
518805
171217
-11760
370953
-239541
-814505
172660
533106
91192
-234185
-726198
231953
1577579
138078
-572507
925449
-902785
