Rar
LucianBennett
LucianBennett
JennyBowen
JennyBowen
JennyBowen
Rar
Rar
ZaraClark
Rar
ZaraClark
LucianBennett
ZaraClark
JennyBowen
DelaneyElizabeth
ZaraClark
AhmedIngrid
AhmedIngrid
JoseTucker
MylahSaanvi
LaineyBjorn
AmaniPeter
DelaneyElizabeth
DelaneyElizabeth
MylahSaanvi
Rar KeiraEllie AhmedIngrid MalloryLaurel EmmaFlorence AmaniPeter HaydenFinn LucianBennett BlakelyBonnie KyleighNicholas JennyBowen JoseTucker TrinityCharlee TalonErica MilenaRoyce ZaraClark MylahSaanvi AdrianKenley GabrielBodie LaineyBjorn GrantWestin DelaneyElizabeth AthenaEthan MosheAlvaro NancyLaylah MaisonGloria
