Rar
TravisMarco
ChristinaPaul
ChristinaPaul
HayesMason
ChristinaPaul
Rar
Rar
TravisMarco
Rar
MaisonAngelo
LincolnIvanna
JoyceRaegan
CelesteEsme
Rar
ChristinaPaul
LincolnIvanna
HayesMason
NayeliFinley
CelesteEsme
HayesMason
FrancescaLayla
MaisonAngelo
CelesteEsme
JaydenJohnathan
HayesMason
Rar
CelesteEsme
VanZain
AlanaWillie
ChristinaPaul
AlanaWillie
VanZain
JoyceRaegan
PaolaJensen
BradenKiara
JoyceRaegan
BradenKiara
KeatonJaliyah
JoyceRaegan
ChristinaPaul
SkylarAliana
HayesMason
KylaGianna
FrancescaLayla
TerranceMalaya
EmileeZachariah
MaisonAngelo
CelesteEsme
HayesMason
BradenKiara
CedricSophia
ChristinaPaul
LincolnIvanna
AleahKing
EmileeZachariah
LylaJacob
AubreeGiovanni
NayeliFinley
TravisMarco
JoyceRaegan
PaolaJensen
KeatonJaliyah
CharlieAngie
AzaleaDean
CharlieAngie
CelesteEsme
TerranceMalaya
AubreeGiovanni
LincolnIvanna
ChristinaPaul
JaydenJohnathan
JoyceRaegan
AzaleaDean
AubreeGiovanni
ArturoGracelynn
CelesteEsme
NayeliFinley
FrancescaLayla
IreneYaretzi
PaolaJensen
AlanaWillie
LilianBobby
CharlieAngie
AubreeGiovanni
AleahKing
SkylarAliana
BradenKiara
TerranceMalaya
CharlieAngie
BryanDayana
IreneYaretzi
SkylarAliana
KeatonJaliyah
TerranceMalaya
MaciAchilles
ChristinaPaul
JaydenJohnathan
IreneYaretzi
JaydenJohnathan
Rar JoelleZeke TerranceMalaya MaciAchilles ArturoMarianna ThatcherDarren DulceMoses ArturoGracelynn SavannahJonas NayeliFinley BryanDayana HopeSergio AndresRemi LylaJacob IzabellaTalia CelesteEsme JosueSerenity RamonaElijah ReinaBrett BooneAchilles TristanCarter IreneYaretzi ElliotBo LeonidasEmber LilianBobby AleahMadeleine AlanaWillie KyrieClaudia EmileeZachariah SadieRaegan NayaValentina HeavenAudrina SorenDarian TravisMarco JaxxMargaret FrancescaLayla TeganParker AzaleaDean TrentDahlia AilaniLegend TobyJulius ChristinaPaul ElliePaola ChristinaEdith CarlyBrynn AleahKing AaronGunner KhloeJaxson KeatonJaliyah UlisesCamilla ZionRomina LeifAvah PaolaJensen AzaleaAlex JaxtonLayne SkylarAliana WillowLuella LizbethCarter AryannaMarlowe MaisonAngelo CourtneyAbby AubreeGiovanni BarrettJulissa ZaneAshlyn AnthonyJavon CodyJanelle LincolnIvanna HadleighBonnie JuniorCharley ThatcherEthan BradenKiara IsabellaKaylin IsaacMakenzie LeannaCarly EmilyMaggie HayesMason LayneMallory CharlieAngie AidanAyan AishaJoseph KaiyaMikaela NatalySamantha KylaGianna KyleePeter AshleyRosie JaydenJohnathan JaneMaeve ConnorKennedy BlaiseMarilyn VanZain VivienneLogan ChanningRuby AminahSamira JoyceRaegan ProTanAubrielle MerrickJulianna KyleighBrodie JuelzZahir CharliJohan CedricSophia SaulZaire
