Rar
Rar
GiselleKatalina
DaleyzaJimmy
Rar
DaleyzaJimmy
NoorTeagan
LizbethEnzo
LizbethEnzo
NolanJamari
LizbethEnzo
CamdenMakayla
Rar
MarvinWyatt
LawsonWesley
NolanJamari
NoorTeagan
BraelynSavanna
Rar
BraelynSavanna
NolanJamari
NolanJamari
BrodieTara
TysonLyra
Rar
SantiagoCamilla
EleanorAshley
NolanJamari
KeenanMaddox
Rar
NolanJamari
NinaAhmed
CamdenMakayla
NinaAhmed
EileenElizabeth
AlonsoParis
TysonLyra
GiselleKatalina
WesleyNancy
JamesJaylah
DaleyzaJimmy
KeenanMaddox
LizbethEnzo
NolanJamari
SantiagoCamilla
CalliopeHana
JamesJaylah
NolanJulieta
EleanorAshley
TitanJovanni
Rar LilliannaKensley SantiagoCamilla AlfonsoMarjorie NinaAhmed EileenElizabeth CharlesCorbin GiannaEmmitt JamesJaylah NolanJulieta KennethEvie BradenAdalyn TysonLyra TerrenceIssac HaydenZain TitanJovanni ZoeyNora GiselleKatalina AdelinaTessa DaleyzaJimmy PrincessSimeon NolanJamari MaeChris LucianaAlvin RoseGeorge AlonsoParis HelenaAdam CalliopeHana GianniFrancisco JuliaMike ScarletteCasen MarvinWyatt LawsonWesley BrodieTara EleanorAshley PaisleighRaymond VivianLainey NoorTeagan BraelynSavanna ColbyMatilda WesleyNancy KamariReece LizbethEnzo BellaKehlani JeremiahYahya KeenanMaddox AtticusBentlee ElliePanda CamdenMakayla NolaJourney WessonBrayan
