Thayes
Justice
George
Adrien
Nico
Cedric
Potato
Kayden
Ellis
Greta ProTan Julia Brennan
Thayes
Alaya
Potato Aiyana Elian
Alana
Abdullah
Joey
Spencer
Thayes
Arabella
Nathalia
Agustin
Sterling
Thenos
Tony
Thanos
MrPanda
Thenos
Yareli
Leila MrPanda
Sylas
Mylah
Erik
SJShark
Brycen
Rex Isabel
Skye
Cassius
Cassidy
Brooklyn
Andre Thanos
Joey
Neil
Vivaan
Harleigh
Thayes
Simeon
Camron
Emory
SJShark
SJShark
Jorge Raylee Tatum Ryder Madden Cohen Spencer Tiana Proton Thanos
Pearl
Cameron
Natasha
Camdyn
Lilly
Guillermo
Edith
Thayes
ProTan
Thayes
Thanos
Aarav
Jayce
Dariel
Zayd
Dillon
Elaine
Yara
Kendall
Thalia
ProTan
Jaxon
Thenos
Athena
Braylee
Kamryn
Tanner
ProfTan
Odin
Laura
Tegan
Proton
Ashlyn
Alison
Thanos
Mathias
Leandro
Kingsley
Elise
Carolyn
