0 27 79
2 4 83
2 10 30
3 78 84
6 91 95
8 51 88
9 39 55
12 8 59
12 30 68
12 60 99
12 74 96
14 20 66
15 91 95
16 91 93
18 16 27
20 51 81
24 44 67
25 46 55
26 38 42
27 95 99
28 32 78
29 40 69
31 34 58
31 99 100
32 58 92
33 41 46
35 48 61
35 82 94
37 12 30
37 40 50
38 41 56
39 8 47
40 1 7
44 77 82
44 99 100
45 46 99
48 65 72
49 81 85
51 0 93
51 72 73
53 45 71
55 17 49
56 43 80
57 54 85
57 75 80
57 44 46
58 20 81
58 70 84
59 21 50
60 48 81
60 45 69
60 63 85
62 28 46
62 32 39
62 53 62
63 84 100
63 28 29
64 59 86
64 80 84
64 89 92
64 93 96
65 3 19
68 17 83
68 90 96
69 65 97
74 35 45
75 86 89
76 49 96
76 83 88
76 79 83
77 35 93
77 62 88
79 5 72
79 28 100
79 40 51
79 20 22
80 4 53
81 39 54
81 96 99
83 25 70
83 50 57
87 5 81
88 16 52
88 98 99
89 48 69
89 87 96
90 14 90
91 61 67
92 41 50
93 37 70
94 11 56
94 93 100
95 9 92
95 18 48
95 45 65
96 15 16
98 93 98
99 28 95
99 72 93
100 24 70
