539534
-3848784
160435
-523146
-825351
-38134
-2038050
-76381
0
922304
1768388
3173860
-4238634
223640
3442173
2718865
283372
-787872
481125
2394172
-1955743
22028
1755082
581887
2401690
1708362
405326
2354207
-742322
-169808
-3649994
4293193
-955977
274972
2474625
0
122937
-1607462
809715
-2573979
2398882
54657
1291246
1392077
2504469
-128055
-863700
3521210
1898155
3217679
2938339
0
974297
137447
616077
1922241
279911
1395459
-1130667
-2371238
1623832
-1328437
3493125
330436
-1095595
2502264
-1525358
993762
1396776
266923
-2267025
323905
-4080759
-1585135
412417
-456314
911036
-672404
2552760
273189
-630156
2366087
960021
2005897
609845
1489236
-1379030
-1480703
-1659144
372073
2306612
-3662484
-441844
1872922
1981779
2709254
2143150
2625598
-1003363
-1517515
-918344
819704
4128638
-99176
-1728059
-158187
-2289350
-3188160
5038725
2607903
-1255823
1723451
-2660546
-1836944
3023605
3978698
-563786
546271
105958
-1325462
-1617829
544401
121796
-1547270
-1800822
2754191
2937044
-668006
-216706
-1813773
0
-949472
749510
-544192
1084762
-1972007
-376537
223768
-251197
-982332
1540588
273924
-757780
2755283
157875
-2159343
-2373007
506642
-3331815
-1941540
-2346854
-2946304
-2052685
2019879
1119127
-331740
1758139
1265615
-2504806
0
355594
-3027725
805610
-1168938
-3252912
353412
-1669066
-2768318
2499831
-1235103
-82905
56017
-871261
-2153794
-839571
-2758717
-20236
-1187176
406899
1404547
-1795262
-270940
1320236
-1185969
-1376253
-1015871
726916
582795
1015570
-569750
436119
-2123731
-1186684
-956780
1594824
-1111122
1064888
1920445
-1348156
-1717499
-1535039
1830386
743214
-626722
-4443539
-2555401
1941198
-2005897
-1036191
2148758
560517
2885138
-596147
-1477437
-29684
3763679
1494393
-647885
-1751126
-1441841
-1548492
-1762551
-695067
1483337
-473149
4243427
-1873109
-223021
3316476
1683759
-120525
-2023261
-832557
-22028
-2908170
-1609885
-1119127
266051
163736
2340431
291260
-2423119
1689302
695067
-904770
128593
553109
-1496106
-523036
1155654
-405326
972109
-816575
-550151
-2085190
2625645
0
-3487583
169370
1737327
2267025
806763
-1588517
-1655898
909420
2062491
-2572633
355782
2806712
440475
-1173787
4185520
1038910
1348070
644111
909866
841732
2977959
3791764
918081
-42390
2168946
-355594
-272788
1195917
2832639
1321160
-1462945
2153794
-1694453
-1862905
1774440
-1534012
-1216153
2621215
870825
1311384
3802294
-1040049
-826006
173726
1358507
-1513699
793938
-1870493
2780372
1850709
-880484
363295
2771700
2061395
-102779
3143073
-881511
488049
164555
-1346889
1653202
-2416290
-432315
1081947
1813485
-2608616
1272298
166264
0
2237601
638996
176206
377528
-1995607
-1490101
-2521298
-1388552
-379053
-4681261
-2730632
1254416
-3524839
-644326
-3051464
744125
-932781
2817489
1399117
-2346594
-3255440
2439961
-1460073
514975
-1777804
-352028
3489690
566783
1388405
684736
99176
650392
-896648
-427366
1509313
1141155
-635400
-388721
-1581501
628294
474965
1263458
-282389
4494324
-1876175
-5125429
-853205
-1871742
-359223
-1872922
1566843
1884022
-2055616
1416720
-418694
1239405
-2806899
1067862
2838188
-2166555
2310070
777582
-585904
-1805931
764373
427366
2121115
-1465580
-1360983
876369
3428320
433576
-2612972
-939179
208807
467961
1869293
-1399773
-14094
86567
-1140512
-52965
-3065764
-3211692
837101
1064774
-3601168
1206805
837376
-619782
-1065941
-1793278
-3837553
-3807869
2580102
0
-308804
-2697748
1264155
49766
1185969
2228640
-907427
-274361
999568
0
113481
1664175
2656232
-1027
784730
645978
-359753
-370059
-621250
-2816604
216706
-436295
-1917090
3042088
2695462
-756521
2100110
-581887
-396768
-1170707
-1144243
228177
3580371
3168550
-36122
3383943
-728368
-1505355
784490
4290286
2510239
158187
-212572
197567
-1067862
-2583259
798712
1589716
1002212
-1752363
2310968
-2209017
-1690824
1538753
0
-1255728
2178123
831996
2668114
-3582670
-2463271
-1414179
-2223917
-699385
2209017
-2861203
728368
-4660588
1853375
584352
-4631495
1277024
331911
889531
893156
-83609
-147774
0
-511788
-1515576
-776040
1412291
1512711
-3693378
-2600338
2287039
849172
1457165
-1297600
22608
2803957
80214
475026
-747478
1804305
950766
-94785
-1686138
-3714408
-296090
-2393195
-1059751
83609
-807373
964084
753680
-718583
-954061
-2110163
79040
2130874
-2243543
-318553
-898938
3072744
655543
-1913556
3648444
-156277
-364959
400952
-500965
2583670
-1524261
1527646
61810
1747282
2289350
-1348070
-3208339
-584352
636353
-1505038
-338606
-2288066
-2274866
3714408
-41574
-3503630
-1824531
1186149
1119783
-557759
-774889
-692198
2562872
1434128
-14649
261729
1311372
-717931
3797313
1371653
3778586
748439
-128503
634009
1301590
-2675364
1052143
-3408284
-1796397
25387
832557
-2673553
315830
378137
-2605489
-2447430
1162173
4057738
-2458680
-1191219
56143
1913556
-3792680
1403141
-2160757
-744125
230534
-302004
3362265
365073
-1431967
-1001366
2612972
-876369
-847086
143294
-2622399
-560517
1855773
303779
-3378147
-214360
1480939
3321820
-927096
1246470
1605691
1520881
-633503
-4435875
-114789
2124110
-1419215
-1044501
-1605693
1645733
-64988
1371641
1727199
1877304
-105160
2510809
-522401
557759
1184777
-618755
-64682
-634530
741775
-1931694
1818265
1773091
384203
784765
-144722
1493101
-90681
-401081
-840247
-2750828
-2496145
878316
227323
-2107792
0
179576
-2639930
711781
2704918
-520822
409735
-3355469
-876412
-1688820
214340
-922304
1718300
3807869
1490101
-802298
-1311400
-2704918
-711376
-1048372
-3437817
-1384185
1515576
-4290286
1832662
1028652
-128963
-3685227
-1545379
1062530
2713276
1258419
2486271
-1539561
4590580
1690535
2206491
2214316
-160435
1766660
359223
1418797
-2276851
2131619
350052
440346
-1604819
-2733260
-1660578
277254
-2370593
0
1345790
-1858635
-1042746
-182993
-2906821
1241331
-677267
576839
-900598
3685227
-84288
2289555
1025613
-989675
-1652219
-1678506
569750
553100
-974297
2980438
2079974
-3015985
2496145
1608364
587547
-2006344
1600891
1972007
-1385023
-227398
-918081
-753139
-1141155
-1295422
-2780372
-1406179
-1062530
359410
-672201
-422215
941314
330333
1966856
-2650261
-149214
72450
2583259
1051466
2061789
-1526804
272788
0
-2718865
510566
-1334123
1541009
-1453609
900924
1082439
-593010
-237241
-1961776
3312334
-78135
-2357308
2492371
-332834
-108738
-1103064
742255
1743432
-3247363
-760206
-1265615
-2394222
1931694
1968117
-1493101
-2045175
-2145396
1334123
-793938
2802908
447146
1522513
-2025104
-2501062
-664717
-1602064
2960783
2399400
-806763
594755
-695060
2772075
-2781749
457861
152664
-410967
1926543
-741775
-657242
63486
-889531
1638564
-1309843
3614338
2123731
279152
2007834
331740
1066894
-1416720
513353
1257727
-1098744
-1390617
87389
127425
-1539831
-608917
2023504
4522579
537240
763671
-2480338
-1839752
1793963
788286
-2280008
-1724674
-726430
-1172504
1045524
272897
2718970
474852
419009
2370593
272474
-1357140
0
3491939
931040
-217803
0
723258
-255443
1307804
2518900
1357140
-2484776
1252870
-1065979
-2657133
847039
-1298627
1383011
-63284
-1017314
1524755
2845421
-788286
-176206
864149
776414
36122
-464841
500111
1524261
2371238
-964084
1588128
-388068
2986040
2312411
330632
649327
-2331731
60389
-2611344
130028
863700
-913587
-2747263
4660588
2674452
-4057738
-1381023
-561938
-497083
212572
-200928
2775297
-4329315
232648
1028995
904574
1919146
-3119579
-3450348
-1544620
1814282
-1145291
-940758
-1090290
-1101337
1979228
1670794
-2128501
-754022
1130623
-500128
-460584
-3452946
630411
416443
2136735
-2304204
2464243
-1321739
876770
-2838188
-1653536
202241
-554272
1046921
3760197
-454145
-2415523
2290583
432315
251197
2531718
0
559093
397298
1716905
867908
1467493
657242
489614
94785
-1436323
-2654604
-1193678
-2139847
2276851
884909
-825120
-1184681
-2516729
-418216
-633584
-1886869
-1421497
1292534
0
-1424527
0
-733594
3409124
1872618
1631923
642427
1012958
1116401
-1109688
-820195
-1483346
-1737490
391186
-488049
-1515255
-1743432
-577232
817381
2965969
-1698043
-703984
-156974
-76267
-185497
1558751
-1765878
-701453
-1706367
1734957
-2026915
1303400
2166555
-1900340
-37545
201955
3386808
-200112
985945
-1435863
-1718300
829201
-273924
-835452
-138868
-2257752
762493
-266925
-4407790
-1884022
-415799
1827688
-626148
-3657680
-1021123
-86567
125183
1181788
-1712137
-311365
-45789
-829201
-3321820
523036
34637
894439
-2257336
-277254
-1898971
857352
-3769228
-397298
-889890
-1395672
-1849771
2779169
1390123
-1673793
5151
593209
-666364
-896789
-409735
2729301
-440812
-1402499
-1662913
2499258
-266923
-741119
64988
2938559
1585135
1722249
-1653202
108738
2289061
1184681
1496106
-88432
2560963
-893156
2698048
-1041812
1235389
1706367
763975
-898994
3208339
3850878
-2029203
1090290
535354
4170817
-605835
-283372
2673553
38271
-429065
1941540
3450348
-2439818
-323905
-1277676
2427381
-548792
964077
2502994
-1241729
1385023
-136420
-163990
658269
-3614338
-1127038
3801112
587151
-979448
1637970
805724
-1605691
2160757
-683659
607678
-4307287
-2092487
-34637
-2858404
-649607
710390
-1559473
2776400
1330761
-2083570
-915838
-2977959
2101502
-2358542
-2256725
-568059
819168
2998318
1377939
799414
-2589076
406611
695323
2863170
-3605492
318179
1539831
-467961
-4494324
376537
4443539
3374958
3933783
-1513886
-638996
453933
-1508286
-742497
284337
-1041021
-2754191
-250622
3331815
2172497
-895473
393916
-553109
-2026802
1338768
-7469
-539534
3043325
820710
353070
41276
1605475
900598
-496829
1435863
-990380
-479083
393056
-1259833
1673793
-460825
5125429
1896981
3626416
739769
-1312767
2145396
1484950
496829
479083
0
-2398882
-3024906
-2388205
-715005
852554
-2976809
-2562085
903478
2430595
1734165
-3336271
1852766
634067
1423925
3397710
753027
-2426808
440651
-38271
870319
3487583
1021123
-669391
-1382476
1878167
1395672
-879424
-3138394
-2338155
980603
953792
2778713
-1474618
-535170
1669066
57039
779355
3661309
2070532
-272897
-2602674
2538894
1514228
1120747
-1949946
830547
-1434128
2426808
-2552760
-1239338
-2131186
-647537
1961776
2315044
0
4166654
853723
1772209
2148598
2787479
1933447
3288391
-677577
2976809
675583
1291372
-1919146
-373187
1297600
-3204390
-891469
2488345
29684
-3403043
266925
3608396
-937932
0
41516
-414724
-520485
-2854132
2532847
-1129826
1941539
3843102
1917912
3444406
-1066159
2237577
-203871
-1415826
-127425
2919278
-1632724
-593469
-1397592
3211405
2058862
3233720
644326
-597174
370059
1431967
270554
3396902
3054816
1379030
678845
-445604
1860632
-1094388
1927003
-2485929
1038596
1609885
143889
-1458743
-1092929
-1798040
77058
1065979
463789
1093361
-1599571
2026915
-794228
-3290957
-3414226
958302
1955743
-17746
-946090
2536857
-944363
0
606216
-1716905
-1868847
85376
-2938559
539820
0
-565071
-194718
20236
1198089
-2355901
-831840
4079600
695789
-1880667
-754264
-3691586
374146
-118632
0
2750828
3422378
-373504
-1282441
478437
2450149
1906307
1648895
4926639
-397980
2394222
-1285985
-2443918
-749326
915838
-3760197
-3182952
962329
-932415
-3679678
2600338
-393544
2971911
-1229930
-1008871
-1045829
-2526449
200928
2026802
911214
807373
-2502994
958135
-2701404
2321186
-4296228
1798673
-355782
-962329
-832320
944363
-1812575
861877
-1966927
1040359
-376100
663693
-771444
-4243427
1441412
-539820
-163736
-1817941
217722
-2646631
2123086
-1403141
-136696
-313020
-1087098
-1814916
1462945
1435047
-189567
571255
-3211405
-73874
-602850
432462
566104
912934
1249562
-350052
1655898
1688820
2142816
-400952
-2100110
755049
-2067337
1212224
1955194
1027611
4516706
-223042
-2124110
1022233
-763671
-40858
-2335280
-1499555
2782342
741063
-2755288
3391374
-3217679
-662073
421188
2814107
-179576
-978321
-1279466
45789
0
374696
-633744
991974
-1879615
-1918495
0
3679366
3107234
3013621
4329315
-372073
2858404
1617829
-1769176
-746596
1095595
-837376
2211705
-755571
229204
-272474
2052685
3536022
1686138
-729315
1900340
1796397
1256014
-753027
-2302514
-835143
-1326009
-1716183
2740233
1548492
-296062
-1852766
364959
-1802301
2456847
794228
-1403520
-2228640
-566783
1738621
627802
-66666
-606216
1066159
426339
542905
939179
1632724
649498
-546271
2827886
-214340
-1566843
-406611
-735556
1006909
192416
2861203
-3626416
-1653951
4192845
-489614
1217287
-318530
-870825
881511
-417116
91757
3500290
-1206805
-1835537
1092929
-2424859
-2855623
-1084762
-798712
2357351
-1891061
2452047
-1116401
-40915
-979660
-25150
356406
-782711
-2401641
-1685673
-501992
-3476750
2265433
1173787
-85376
-3770047
-1830386
-671635
982316
-942708
-1696469
-69639
-2775297
-1334143
-1768388
-1877304
-2656232
243030
0
1499696
2288066
-392211
1537382
1483897
1941528
0
2080543
456409
-1411166
-559522
-628294
-1005201
2167741
-356371
282464
-1397427
-198490
1807060
1035281
281176
433545
-1910654
-1793754
-1807934
-3072744
3814708
71046
-1762694
497083
-991107
2161574
-2538111
-1737327
-1853375
957972
753139
2145713
-203856
-831950
-1015570
1778252
1051413
2772771
2914994
1751126
-327683
-1839614
-1664175
-1047142
3031829
2855623
458202
-1453698
88760
-956941
-1623832
-264786
823743
-2287039
-1675449
1015871
-1059221
1035482
303650
1270259
-2532847
2226069
2475940
2639930
313020
-904574
-680871
-2782000
1375825
634725
-209703
188405
1357861
787872
619782
-330632
1483346
1818568
-1305835
366677
-123812
845880
619748
-497144
-275676
-867908
-4216606
429065
-579413
932781
136470
-395532
1667557
-2698048
-726916
2532267
835625
-1441412
-459296
3089176
-766122
-3679366
-1293654
-1258419
1033047
3443901
-2211705
-2396344
469520
1376852
1649938
1994493
979211
-1441428
209703
4307287
-649327
1966927
1116177
555066
0
-1713143
4296228
1259833
441844
-1613404
-514975
147774
-419009
-1324317
-767774
-1052143
-45996
-752892
825120
2343429
3476750
136420
706936
-936163
979660
-56271
-410762
602907
-528907
-2214316
2501062
2233207
-3422378
2589076
-174959
-811714
1293654
-1499696
-1186149
417003
-3442173
-340664
-1600891
-809715
-2186989
3585666
1567506
789802
-1878588
1684888
1419215
-200413
198790
871346
1042746
1328437
1253285
2657133
150860
900509
-1371789
-1742465
686238
-681890
1457400
0
-2344456
1228315
-917114
247507
-1094683
-2362760
2257752
1109688
-2145666
66666
-2749934
-865184
791699
711376
-900186
-2884213
2331731
189853
-596752
-5549
-2772771
-2549838
1087889
973374
-1898155
4156723
869540
3182952
-3994224
-977737
-772170
38993
2654020
631105
-1103260
394643
-791699
600209
1776555
440812
-1246470
128503
-2782342
-791036
2453912
630139
-166264
3496754
-2504469
516129
-1358507
811714
-1212224
-1766660
-874645
2415523
4481664
-642383
-3197598
2359756
-1940545
3539513
-1540588
-1689302
565761
1891061
-2321186
2921688
1326009
35233
2223917
-741063
-1338768
-349055
2006344
2385839
-223768
1807934
-1128410
-3933783
717931
-650049
896789
2892874
755712
-2729301
-2518753
-809880
2971454
-121796
-3112222
-764373
25150
-1495340
-354327
811273
-317101
-1183067
351154
118632
-1864261
393139
989675
-482495
1848410
1652219
-1058724
3204390
2794576
436755
-433545
2090739
-1059420
1291136
425221
-3791764
2622435
1424527
-2502264
-1333084
3878468
760206
-1119569
-3048874
692792
-1960018
195195
-908891
-830383
1876175
1041021
-1459042
1883240
-1981660
-2895187
-587547
2431697
0
608917
-631343
2611344
3336271
1717499
3530605
-900924
1561506
680871
-678845
-755712
-126462
-1594824
0
1574027
2019585
-2475940
-1514228
-2668005
1505038
1105033
2396344
583769
102779
1176649
-1983828
388068
-432462
-5010640
-133385
41574
-593209
-2003350
754264
-1276645
1098744
-616077
0
1246961
-365073
-1639173
-293087
936163
-1730580
-1738621
-544401
-915927
-1538753
2390181
-13947
-3386808
1036191
-2007834
-376304
-906058
-3391374
-630139
2228891
-2366087
-228177
-980603
1776473
-1390123
-4522579
1659144
1040049
-78935
1131205
568059
-9601
2344456
3351113
878967
-410344
-1689348
418216
-2507289
-2376854
464214
459296
1132544
1458743
1309843
-1197014
-474965
-164555
1805931
-2019879
977737
-1537382
-2787479
-584399
1878871
1502696
-3239027
3415816
-377528
-2904788
1197014
1279466
-1713351
1870906
-1311372
3051690
-909866
-1174897
907864
357076
1465580
-586240
1107334
902944
2337072
2034234
