Shark 279206393
Westin 267053175
Belen 257654024
Heaven 254550377
Cesar 253228726
Shark 252884440
Elianna 242782786
Nala 242727756
Julieta 241543591
Fernanda 241126499
Jocelyn 240684567
ProTan 239827491
Proton 236191756
Shark 235472636
Jenna 234690326
Marjorie 226873446
Zaire 225967561
Chris 225054131
SJShark 220936783
Josephine 220708775
Erica 219465817
Zyaire 218855638
Jazmin 218706802
Proton 216458822
Panda 215490475
Aaliyah 214845967
Hailee 214796065
Celine 211107561
Zion 209719755
Spencer 209717165
Lainey 208425075
SJShark 207850528
Shark 206882600
Dwayne 205037604
Rafael 204734411
Danny 203492671
Zayne 199246958
Caspian 199066322
Gideon 199022291
Itzayana 196146970
Rar 193960655
Clare 191747243
MrPanda 189228854
Shark 189199071
Zip 188971450
SJShark 188305249
Atlas 187122886
ProTan 186842246
Proton 185446208
MrPanda 185241939
ProTan 184846667
Rylan 183422552
Shark 182650241
Proton 181957304
ProTan 181122474
MrPanda 181017922
Gabriela 180541290
Shark 180017099
RartheCat 179221345
Shark 177789938
Proton 177544969
Kaylee 176445390
Oliver 176257291
MrPanda 176249193
Alec 176031816
Stefan 174291373
Lina 167456573
Grayson 166655705
Paislee 166154825
Heavenly 164646156
Nehemiah 160483250
Lia 159458102
Luke 159409036
Melody 158411930
SJShark 152826592
Nataly 151479499
Grant 150692352
MrPanda 149684973
Tiffany 148843673
Aria 146270538
ProTan 146176986
Panda 138545812
Milan 138230440
Kora 135966862
Zane 135334436
ProfTan 134944794
Ryder 132970731
RartheCat 132891028
Fox 132434714
MrPanda 131042625
Harley 130630305
Panda 124940998
Bryant 124478916
Harrison 123833109
Rar 122891637
Jordan 113689776
Sadie 105126214
Stevie 98599711
ProfTan 97015439
Fisher 94441538
