Lawrence
Ingrid
Thanos
ProTan
Jaiden
Fletcher
RartheCat
Potato
ProfTan
Jax
Noe
Magnolia
Kane
Aubree
MrPanda
MrPanda
SJShark
Potato
ProTan
Harlan
Proton
Sabrina
Devin
Kameron
Thenos
Whitney
Israel
Alani
Zainab
Scarlet
Louise
MrPanda
Thayes
Charlee
Ruth
Thayes
RartheCat
Kaden
Proton
Cooper
MrPanda
Travis
Carmelo Thanos Proton Katalina Jacob Leo Musa Cole Sandra Miriam Koda ProTan ProTan ProfTan RartheCat Lyla RartheCat Thanos ProfTan Brayden ProTan Kole Melanie Randall Ariel Juliet Tenley Maya Jana SJShark RartheCat Kaylani RartheCat Braelyn Emely Andi Terry Xiomara ProfTan SJShark Mitchell Thayes Proton Kase Jerome Thayes Tanner Jaycee Helen MrPanda Ivy Lilianna Alexis Dane Ahmed Genevieve Saige Potato Abel Paisleigh ProfTan Jeffery Ben Eleanor Brinley Ivory
