971
71
971
71
593
593
971
664
971
740
971
71
541
781
971
541
593
71
71
528
170
528
170
324
247
324
547
593
170
247
740
781
324
528
884
971
446
528
756
781
924
971
528
541
446
527
536
541
946
971
71
170
170
212
324
446
571
593
781
884
593
664
446
487
740
756
212
247
247
292
71
124
487
527
74
124
449
487
360
446
78
124
952
971
360
445
952
968
247
285
218
247
628
664
461
487
664
740
946
952
367
445
971
664
700
247
280
836
884
664
673
673
700
367
430
386
430
700
740
254
280
884
924
360
367
885
924
836
872
391
430
 42 71 74 78 121 124 170 199 212 218 224 247 254 257 280 285 292 324 360 362 367 386 391 415 422 430 445 446 449 461 481 487 526 527 528 536 539 541 547 571 572 593 628 634 664 665 673 679 700 705 740 754 756 757 781 836 837 872 884 885 923 924 946 950 952 963 968 971 981
