2
3
4
4
58
37
119
305
86
64
58
69
60
488
27
131
130
71
15
20
10
60
114
82
149
37
87
110
22
161
48
45
48
15
139
282 1678 1678 1680 1682 1682 1683 1683 1684 1684 1684 1685 1686 1688 1688 1688 1690 1690 1692 1692 1693 1694 1694 1696 1697 1699 1700 1701 1701 1703 1703 1706 1707 1707 1708 1708 1709 1710 1711 1712 1712 1713 1713 1714 1715 1715 1716 1716 1717 1717 1719 1720 1721 1721 1721 1724 1724 1725 1725 1725 1727 1727 1730 1730 1731 1733 1733 1736 1736 1738 1739 1740 1741 1744 1744 1746 1746 1746 1747 1748 1749 1749 1752 1752 1754 1754 1755 1755 1756 1756 1758 1760 1760 1762 1763 1763 1763 1767 1769 1770
