68
33
52
40
44
41
9
54
70
17
41
54
27
13
27
53
33
36
10
73
72
35
30
66
23
 27478379 49187545 53145266 61020466 102182826 118192441 132496053 132513948 145436039 153822443 158654028 172517317 173817216 180155169 205067226 236486813 241236460 242323953 254062819 266283733 278673932 286867087 295317453 299851185 321619055 333089780 347050706 363915236 364666835 367885428 373231056 381757109 383611218 398057193 405250615 406527355 407108660 412332718 464080787 482411582 490613622 498645273 519389492 523865599 527055318 539877187 552426637 576065043 581498330 588994770 609503217 654270920 657703147 664273119 722050099 732834362 743280938 743420064 769931893 807789537 827606778 832403943 843960904 853550074 862686606 885661001 898669798 905521405 922625401 927287346 929957214 944328217 983295267 983884159 988490978
