432327045
625398707
61268065
448013740
275478172
96188662
755957418
732596670
1 509573975
1 976229600
170998866
1 557735664
1 345549109
519158953
1 589981516
7899874
265609409
1 30681607
1 586482805
1 575165728
1 722210591
1 518872109
391583530
557534125
1 896875743
163473852
1 410865159
1 91667968
1 352991478
1 595469238
1 576833949
1 174477875
1 450783919
1 450161236
1 343121084
1 739575551
1 354053654
787601652
422043074
1 172315672
612757520
1 81404777
1 237661447
374763046
1 638462481
824835471
1 115656756
446921378
1 104117732
714422507 919538602
