Potato
Callan
Potato
Zoie
RartheCat
Eden
Bridger
Kyson
SJShark
MrPanda
Sky
Dream
Sonny
RartheCat
Joseph
Malia
Amalia
Megan
ProTan
Nadia
Blaire
ProfTan
Leroy
Madilyn
Leah
Mohammed
ProfTan
MrPanda
SJShark
Samir
Brooke
Proton
India
ProTan
Willie
RartheCat
Elaina
Lilah
Scott
Riley
Paul
Zachary
Milo
Michelle
Jeffery
Ayleen
Potato
Lucas
Callan
Jesus
Eden
Belen
Potato
Zoie
RartheCat
Eden
Bridger
SJShark
Sky
Dream
Sonny
RartheCat
Ethan
Alannah
Melanie
Malia
Amalia
Megan
ProTan
ProfTan
Leroy
ProfTan
Madilyn
Leah
Mohammed
ProfTan
RartheCat
MrPanda
SJShark
Cadence
Brooke
Benson
Proton
India
Sylvie
ProTan
Ray
RartheCat
Elaina
Ophelia
Lilah
Zachary
Milo
Michelle
Laila
Jeffery
Ayleen
Potato
Callan
Proton
Piper
Jesus
Eden
Belen
Potato
Zoie
Eden
Dream
Emily
RartheCat
Aspen
Weston
SJShark
Adonis
Ethan
Arya
Alannah
Omar
Amalia
ProTan
