44
43
42
42
41
40
29
28
27
3
2
1
44
43
42
28
27
26
38
37
36
41
40
39
44
43
42
20
19
18
4
3
2
16
15
14
15
14
13
7
6
5
25
24
23
30
29
28
33
32
31
41
40
39
61
60
59
66
65
64
17
16
15
34
33
32
41
40
39
66
65
64
9
8
7
50
49
48
39
38
37
9
8
7
36
35
34
13
12
11
11
10
9
37
36
35
10
9
8
11
10
9
31
30
29
31
30
29
87
86
85
2
 28247985 29434309 44431066 63187162 63981998 81301604 118371282 126885179 144435398 148739329 149095228 168540984 174394230 178429216 184895717 186710574 191016522 205833684 233943315 279796823 281425174 295044074 314535459 315920845 316589896 328921095 332285215 332727420 346624208 372286407 394707885 401846834 404631481 414297779 425506592 437348980 438159619 457001097 469677255 477652345 514777685 529743492 552605719 557282577 559365443 572607877 583836793 584463711 586900616 595299000 618433240 633174734 639596474 652975080 653656475 672891309 674362651 693639940 712675862 732108412 748448302 760642905 761796925 779610441 781922089 786137472 788828323 789664943 790822236 799704505 811319811 815644157 836083098 837023749 854634890 854833929 869701119 873275377 881268901 897707907 898701223 917947225 953401955 955802988 975185596 980929966 980931353 989745623
