27
28
35
4
5
52
11
35
54
16
13
61
63
38
16
54
42
55
45
4
49
22
66
21
23
59
11
39
17
53
73
1
82
28
42
65
34
62
80
36
80
83
36
80
64
31
26
2
44
96
74
49
44
24
78
102
10
90
61
36
87
94
14
99
40
19
1
110
22
23
46
106
16
93
97
 30019885 38845932 45054178 49415208 53030387 63480722 64366042 67678008 69577423 75480123 82806384 88274515 91692093 94707617 98634166 106935261 117501467 139551657 153101703 154921663 155283151 166053355 171390871 180360116 183296197 195786538 202896774 208625932 211414952 227161646 227386132 230783273 238284462 246158321 248958213 255158479 264704810 266570235 288520295 296994734 300064985 303269149 317496498 328252560 332288975 338744627 343887017 344866567 348266269 356261232 367267459 368902176 371854306 373746474 377116283 383987044 386804314 387022623 389669454 405822350 408445826 412292634 417625455 470170202 496083859 498048168 520076797 520954628 525539787 546284333 573605746 579747143 594007380 600325195 610818946 634824727 640290226 643355484 644540635 648030276 656481402 663554218 671628691 672045974 672853816 676908728 687445184 702768877 727679869 728938150 730271771 733224744 738590966 758722775 764018209 765337142 769325388 770209864 775717779 776541675 781560529 811191702 823169368 828668899 848343879 854009118 856584183 858511937 861194122 867519308 877069450 890266965 902566005 906905915 914704178 918300729 925851221 929541556 937955385 943288253 949012945 955199358 961347988 962857301 965283556
